[3.402s] Invoking command in '/home/ubuntu/rat-roulette/ros2_ws/src/rat_roulette_pkg': PYTHONPATH=/home/ubuntu/rat-roulette/ros2_ws/build/rat_roulette_pkg/prefix_override:/home/ubuntu/rat-roulette/ros2_ws/install/rat_roulette_pkg/lib/python3.10/site-packages:${PYTHONPATH} /usr/bin/python3 setup.py egg_info --egg-base ../../build/rat_roulette_pkg build --build-base /home/ubuntu/rat-roulette/ros2_ws/build/rat_roulette_pkg/build install --record /home/ubuntu/rat-roulette/ros2_ws/build/rat_roulette_pkg/install.log --single-version-externally-managed
[4.714s] running egg_info
[4.716s] writing ../../build/rat_roulette_pkg/rat_roulette_pkg.egg-info/PKG-INFO
[4.717s] writing dependency_links to ../../build/rat_roulette_pkg/rat_roulette_pkg.egg-info/dependency_links.txt
[4.718s] writing entry points to ../../build/rat_roulette_pkg/rat_roulette_pkg.egg-info/entry_points.txt
[4.719s] writing requirements to ../../build/rat_roulette_pkg/rat_roulette_pkg.egg-info/requires.txt
[4.720s] writing top-level names to ../../build/rat_roulette_pkg/rat_roulette_pkg.egg-info/top_level.txt
[4.729s] reading manifest file '../../build/rat_roulette_pkg/rat_roulette_pkg.egg-info/SOURCES.txt'
[4.730s] adding license file 'LICENSE'
[4.733s] writing manifest file '../../build/rat_roulette_pkg/rat_roulette_pkg.egg-info/SOURCES.txt'
[4.734s] running build
[4.735s] running build_py
[4.736s] copying rat_roulette_pkg/rat_roulette_node.py -> /home/ubuntu/rat-roulette/ros2_ws/build/rat_roulette_pkg/build/lib/rat_roulette_pkg
[4.737s] running install
[4.739s] running install_lib
[4.743s] copying /home/ubuntu/rat-roulette/ros2_ws/build/rat_roulette_pkg/build/lib/rat_roulette_pkg/rat_roulette_node.py -> /home/ubuntu/rat-roulette/ros2_ws/install/rat_roulette_pkg/lib/python3.10/site-packages/rat_roulette_pkg
[4.746s] byte-compiling /home/ubuntu/rat-roulette/ros2_ws/install/rat_roulette_pkg/lib/python3.10/site-packages/rat_roulette_pkg/rat_roulette_node.py to rat_roulette_node.cpython-310.pyc
[4.752s] running install_data
[4.755s] running install_egg_info
[4.764s] removing '/home/ubuntu/rat-roulette/ros2_ws/install/rat_roulette_pkg/lib/python3.10/site-packages/rat_roulette_pkg-0.0.0-py3.10.egg-info' (and everything under it)
[4.766s] Copying ../../build/rat_roulette_pkg/rat_roulette_pkg.egg-info to /home/ubuntu/rat-roulette/ros2_ws/install/rat_roulette_pkg/lib/python3.10/site-packages/rat_roulette_pkg-0.0.0-py3.10.egg-info
[4.774s] running install_scripts
[4.854s] Installing rat_roulette_node script to /home/ubuntu/rat-roulette/ros2_ws/install/rat_roulette_pkg/lib/rat_roulette_pkg
[4.856s] writing list of installed files to '/home/ubuntu/rat-roulette/ros2_ws/build/rat_roulette_pkg/install.log'
[4.999s] Invoked command in '/home/ubuntu/rat-roulette/ros2_ws/src/rat_roulette_pkg' returned '0': PYTHONPATH=/home/ubuntu/rat-roulette/ros2_ws/build/rat_roulette_pkg/prefix_override:/home/ubuntu/rat-roulette/ros2_ws/install/rat_roulette_pkg/lib/python3.10/site-packages:${PYTHONPATH} /usr/bin/python3 setup.py egg_info --egg-base ../../build/rat_roulette_pkg build --build-base /home/ubuntu/rat-roulette/ros2_ws/build/rat_roulette_pkg/build install --record /home/ubuntu/rat-roulette/ros2_ws/build/rat_roulette_pkg/install.log --single-version-externally-managed
