running egg_info
creating ../../build/rat_roulette_pkg/rat_roulette_pkg.egg-info
writing ../../build/rat_roulette_pkg/rat_roulette_pkg.egg-info/PKG-INFO
writing dependency_links to ../../build/rat_roulette_pkg/rat_roulette_pkg.egg-info/dependency_links.txt
writing entry points to ../../build/rat_roulette_pkg/rat_roulette_pkg.egg-info/entry_points.txt
writing requirements to ../../build/rat_roulette_pkg/rat_roulette_pkg.egg-info/requires.txt
writing top-level names to ../../build/rat_roulette_pkg/rat_roulette_pkg.egg-info/top_level.txt
writing manifest file '../../build/rat_roulette_pkg/rat_roulette_pkg.egg-info/SOURCES.txt'
reading manifest file '../../build/rat_roulette_pkg/rat_roulette_pkg.egg-info/SOURCES.txt'
adding license file 'LICENSE'
writing manifest file '../../build/rat_roulette_pkg/rat_roulette_pkg.egg-info/SOURCES.txt'
running build
running build_py
creating /home/ubuntu/final/ros2_ws/build/rat_roulette_pkg/build
creating /home/ubuntu/final/ros2_ws/build/rat_roulette_pkg/build/lib
creating /home/ubuntu/final/ros2_ws/build/rat_roulette_pkg/build/lib/rat_roulette_pkg
copying rat_roulette_pkg/__init__.py -> /home/ubuntu/final/ros2_ws/build/rat_roulette_pkg/build/lib/rat_roulette_pkg
copying rat_roulette_pkg/rat_roulette_node.py -> /home/ubuntu/final/ros2_ws/build/rat_roulette_pkg/build/lib/rat_roulette_pkg
running install
running install_lib
creating /home/ubuntu/final/ros2_ws/install/rat_roulette_pkg/lib/python3.10/site-packages/rat_roulette_pkg
copying /home/ubuntu/final/ros2_ws/build/rat_roulette_pkg/build/lib/rat_roulette_pkg/__init__.py -> /home/ubuntu/final/ros2_ws/install/rat_roulette_pkg/lib/python3.10/site-packages/rat_roulette_pkg
copying /home/ubuntu/final/ros2_ws/build/rat_roulette_pkg/build/lib/rat_roulette_pkg/rat_roulette_node.py -> /home/ubuntu/final/ros2_ws/install/rat_roulette_pkg/lib/python3.10/site-packages/rat_roulette_pkg
byte-compiling /home/ubuntu/final/ros2_ws/install/rat_roulette_pkg/lib/python3.10/site-packages/rat_roulette_pkg/__init__.py to __init__.cpython-310.pyc
byte-compiling /home/ubuntu/final/ros2_ws/install/rat_roulette_pkg/lib/python3.10/site-packages/rat_roulette_pkg/rat_roulette_node.py to rat_roulette_node.cpython-310.pyc
running install_data
creating /home/ubuntu/final/ros2_ws/install/rat_roulette_pkg/share/ament_index
creating /home/ubuntu/final/ros2_ws/install/rat_roulette_pkg/share/ament_index/resource_index
creating /home/ubuntu/final/ros2_ws/install/rat_roulette_pkg/share/ament_index/resource_index/packages
copying resource/rat_roulette_pkg -> /home/ubuntu/final/ros2_ws/install/rat_roulette_pkg/share/ament_index/resource_index/packages
copying package.xml -> /home/ubuntu/final/ros2_ws/install/rat_roulette_pkg/share/rat_roulette_pkg
running install_egg_info
Copying ../../build/rat_roulette_pkg/rat_roulette_pkg.egg-info to /home/ubuntu/final/ros2_ws/install/rat_roulette_pkg/lib/python3.10/site-packages/rat_roulette_pkg-0.0.0-py3.10.egg-info
running install_scripts
Installing rat_roulette_node script to /home/ubuntu/final/ros2_ws/install/rat_roulette_pkg/lib/rat_roulette_pkg
writing list of installed files to '/home/ubuntu/final/ros2_ws/build/rat_roulette_pkg/install.log'
