[3.296s] Invoking command in '/home/ubuntu/final/ros2_ws/src/rat_roulette_pkg': PYTHONPATH=/home/ubuntu/final/ros2_ws/build/rat_roulette_pkg/prefix_override:/usr/lib/python3/dist-packages/colcon_core/task/python/colcon_distutils_commands:/home/ubuntu/final/ros2_ws/install/rat_roulette_pkg/lib/python3.10/site-packages:${PYTHONPATH} /usr/bin/python3 -W ignore:setup.py install is deprecated setup.py egg_info --egg-base ../../build/rat_roulette_pkg build --build-base /home/ubuntu/final/ros2_ws/build/rat_roulette_pkg/build install --record /home/ubuntu/final/ros2_ws/build/rat_roulette_pkg/install.log --single-version-externally-managed install_data
[4.515s] running egg_info
[4.517s] creating ../../build/rat_roulette_pkg/rat_roulette_pkg.egg-info
[4.518s] writing ../../build/rat_roulette_pkg/rat_roulette_pkg.egg-info/PKG-INFO
[4.519s] writing dependency_links to ../../build/rat_roulette_pkg/rat_roulette_pkg.egg-info/dependency_links.txt
[4.520s] writing entry points to ../../build/rat_roulette_pkg/rat_roulette_pkg.egg-info/entry_points.txt
[4.520s] writing requirements to ../../build/rat_roulette_pkg/rat_roulette_pkg.egg-info/requires.txt
[4.521s] writing top-level names to ../../build/rat_roulette_pkg/rat_roulette_pkg.egg-info/top_level.txt
[4.522s] writing manifest file '../../build/rat_roulette_pkg/rat_roulette_pkg.egg-info/SOURCES.txt'
[4.531s] reading manifest file '../../build/rat_roulette_pkg/rat_roulette_pkg.egg-info/SOURCES.txt'
[4.533s] adding license file 'LICENSE'
[4.535s] writing manifest file '../../build/rat_roulette_pkg/rat_roulette_pkg.egg-info/SOURCES.txt'
[4.535s] running build
[4.535s] running build_py
[4.536s] creating /home/ubuntu/final/ros2_ws/build/rat_roulette_pkg/build
[4.537s] creating /home/ubuntu/final/ros2_ws/build/rat_roulette_pkg/build/lib
[4.538s] creating /home/ubuntu/final/ros2_ws/build/rat_roulette_pkg/build/lib/rat_roulette_pkg
[4.538s] copying rat_roulette_pkg/__init__.py -> /home/ubuntu/final/ros2_ws/build/rat_roulette_pkg/build/lib/rat_roulette_pkg
[4.538s] copying rat_roulette_pkg/rat_roulette_node.py -> /home/ubuntu/final/ros2_ws/build/rat_roulette_pkg/build/lib/rat_roulette_pkg
[4.539s] running install
[4.540s] running install_lib
[4.543s] creating /home/ubuntu/final/ros2_ws/install/rat_roulette_pkg/lib/python3.10/site-packages/rat_roulette_pkg
[4.544s] copying /home/ubuntu/final/ros2_ws/build/rat_roulette_pkg/build/lib/rat_roulette_pkg/__init__.py -> /home/ubuntu/final/ros2_ws/install/rat_roulette_pkg/lib/python3.10/site-packages/rat_roulette_pkg
[4.544s] copying /home/ubuntu/final/ros2_ws/build/rat_roulette_pkg/build/lib/rat_roulette_pkg/rat_roulette_node.py -> /home/ubuntu/final/ros2_ws/install/rat_roulette_pkg/lib/python3.10/site-packages/rat_roulette_pkg
[4.547s] byte-compiling /home/ubuntu/final/ros2_ws/install/rat_roulette_pkg/lib/python3.10/site-packages/rat_roulette_pkg/__init__.py to __init__.cpython-310.pyc
[4.548s] byte-compiling /home/ubuntu/final/ros2_ws/install/rat_roulette_pkg/lib/python3.10/site-packages/rat_roulette_pkg/rat_roulette_node.py to rat_roulette_node.cpython-310.pyc
[4.549s] running install_data
[4.550s] creating /home/ubuntu/final/ros2_ws/install/rat_roulette_pkg/share/ament_index
[4.551s] creating /home/ubuntu/final/ros2_ws/install/rat_roulette_pkg/share/ament_index/resource_index
[4.551s] creating /home/ubuntu/final/ros2_ws/install/rat_roulette_pkg/share/ament_index/resource_index/packages
[4.552s] copying resource/rat_roulette_pkg -> /home/ubuntu/final/ros2_ws/install/rat_roulette_pkg/share/ament_index/resource_index/packages
[4.552s] copying package.xml -> /home/ubuntu/final/ros2_ws/install/rat_roulette_pkg/share/rat_roulette_pkg
[4.552s] running install_egg_info
[4.560s] Copying ../../build/rat_roulette_pkg/rat_roulette_pkg.egg-info to /home/ubuntu/final/ros2_ws/install/rat_roulette_pkg/lib/python3.10/site-packages/rat_roulette_pkg-0.0.0-py3.10.egg-info
[4.565s] running install_scripts
[4.640s] Installing rat_roulette_node script to /home/ubuntu/final/ros2_ws/install/rat_roulette_pkg/lib/rat_roulette_pkg
[4.642s] writing list of installed files to '/home/ubuntu/final/ros2_ws/build/rat_roulette_pkg/install.log'
[4.771s] Invoked command in '/home/ubuntu/final/ros2_ws/src/rat_roulette_pkg' returned '0': PYTHONPATH=/home/ubuntu/final/ros2_ws/build/rat_roulette_pkg/prefix_override:/usr/lib/python3/dist-packages/colcon_core/task/python/colcon_distutils_commands:/home/ubuntu/final/ros2_ws/install/rat_roulette_pkg/lib/python3.10/site-packages:${PYTHONPATH} /usr/bin/python3 -W ignore:setup.py install is deprecated setup.py egg_info --egg-base ../../build/rat_roulette_pkg build --build-base /home/ubuntu/final/ros2_ws/build/rat_roulette_pkg/build install --record /home/ubuntu/final/ros2_ws/build/rat_roulette_pkg/install.log --single-version-externally-managed install_data
