running egg_info
writing ../../build/rat_roulette_pkg/rat_roulette_pkg.egg-info/PKG-INFO
writing dependency_links to ../../build/rat_roulette_pkg/rat_roulette_pkg.egg-info/dependency_links.txt
writing entry points to ../../build/rat_roulette_pkg/rat_roulette_pkg.egg-info/entry_points.txt
writing requirements to ../../build/rat_roulette_pkg/rat_roulette_pkg.egg-info/requires.txt
writing top-level names to ../../build/rat_roulette_pkg/rat_roulette_pkg.egg-info/top_level.txt
reading manifest file '../../build/rat_roulette_pkg/rat_roulette_pkg.egg-info/SOURCES.txt'
adding license file 'LICENSE'
writing manifest file '../../build/rat_roulette_pkg/rat_roulette_pkg.egg-info/SOURCES.txt'
running build
running build_py
copying rat_roulette_pkg/rat_roulette_node.py -> /home/ubuntu/final-turtwig/ros2_ws/build/rat_roulette_pkg/build/lib/rat_roulette_pkg
running install
running install_lib
copying /home/ubuntu/final-turtwig/ros2_ws/build/rat_roulette_pkg/build/lib/rat_roulette_pkg/rat_roulette_node.py -> /home/ubuntu/final-turtwig/ros2_ws/install/rat_roulette_pkg/lib/python3.10/site-packages/rat_roulette_pkg
byte-compiling /home/ubuntu/final-turtwig/ros2_ws/install/rat_roulette_pkg/lib/python3.10/site-packages/rat_roulette_pkg/rat_roulette_node.py to rat_roulette_node.cpython-310.pyc
running install_data
running install_egg_info
removing '/home/ubuntu/final-turtwig/ros2_ws/install/rat_roulette_pkg/lib/python3.10/site-packages/rat_roulette_pkg-0.0.0-py3.10.egg-info' (and everything under it)
Copying ../../build/rat_roulette_pkg/rat_roulette_pkg.egg-info to /home/ubuntu/final-turtwig/ros2_ws/install/rat_roulette_pkg/lib/python3.10/site-packages/rat_roulette_pkg-0.0.0-py3.10.egg-info
running install_scripts
Installing rat_roulette_node script to /home/ubuntu/final-turtwig/ros2_ws/install/rat_roulette_pkg/lib/rat_roulette_pkg
writing list of installed files to '/home/ubuntu/final-turtwig/ros2_ws/build/rat_roulette_pkg/install.log'
