[1.678s] DEBUG:colcon:Command line arguments: ['/usr/bin/colcon', 'build']
[1.678s] DEBUG:colcon:Parsed command line arguments: Namespace(log_base=None, log_level=None, verb_name='build', build_base='build', install_base='install', merge_install=False, symlink_install=False, test_result_base=None, continue_on_error=False, executor='parallel', parallel_workers=4, event_handlers=None, ignore_user_meta=False, metas=['./colcon.meta'], base_paths=['.'], packages_ignore=None, packages_ignore_regex=None, paths=None, packages_up_to=None, packages_up_to_regex=None, packages_above=None, packages_above_and_dependencies=None, packages_above_depth=None, packages_select_by_dep=None, packages_skip_by_dep=None, packages_skip_up_to=None, packages_select_build_failed=False, packages_skip_build_finished=False, packages_select_test_failures=False, packages_skip_test_passed=False, packages_select=None, packages_skip=None, packages_select_regex=None, packages_skip_regex=None, packages_start=None, packages_end=None, allow_overriding=[], cmake_args=None, cmake_target=None, cmake_target_skip_unavailable=False, cmake_clean_cache=False, cmake_clean_first=False, cmake_force_configure=False, ament_cmake_args=None, catkin_cmake_args=None, catkin_skip_building_tests=False, verb_parser=<colcon_defaults.argument_parser.defaults.DefaultArgumentsDecorator object at 0xffffae152560>, verb_extension=<colcon_core.verb.build.BuildVerb object at 0xffffae151ff0>, main=<bound method BuildVerb.main of <colcon_core.verb.build.BuildVerb object at 0xffffae151ff0>>)
[1.795s] Level 1:colcon.colcon_core.package_discovery:discover_packages(colcon_meta) check parameters
[1.796s] Level 1:colcon.colcon_core.package_discovery:discover_packages(recursive) check parameters
[1.796s] Level 1:colcon.colcon_core.package_discovery:discover_packages(ignore) check parameters
[1.796s] Level 1:colcon.colcon_core.package_discovery:discover_packages(path) check parameters
[1.796s] Level 1:colcon.colcon_core.package_discovery:discover_packages(colcon_meta) discover
[1.796s] Level 1:colcon.colcon_core.package_discovery:discover_packages(recursive) discover
[1.796s] INFO:colcon.colcon_core.package_discovery:Crawling recursively for packages in '/home/ubuntu/rat-roulette/ros2_ws'
[1.797s] Level 1:colcon.colcon_core.package_identification:_identify(.) by extensions ['ignore', 'ignore_ament_install']
[1.798s] Level 1:colcon.colcon_core.package_identification:_identify(.) by extension 'ignore'
[1.798s] Level 1:colcon.colcon_core.package_identification:_identify(.) by extension 'ignore_ament_install'
[1.798s] Level 1:colcon.colcon_core.package_identification:_identify(.) by extensions ['colcon_pkg']
[1.798s] Level 1:colcon.colcon_core.package_identification:_identify(.) by extension 'colcon_pkg'
[1.799s] Level 1:colcon.colcon_core.package_identification:_identify(.) by extensions ['colcon_meta']
[1.799s] Level 1:colcon.colcon_core.package_identification:_identify(.) by extension 'colcon_meta'
[1.799s] Level 1:colcon.colcon_core.package_identification:_identify(.) by extensions ['ros']
[1.800s] Level 1:colcon.colcon_core.package_identification:_identify(.) by extension 'ros'
[1.848s] Level 1:colcon.colcon_core.package_identification:_identify(.) by extensions ['cmake', 'python']
[1.849s] Level 1:colcon.colcon_core.package_identification:_identify(.) by extension 'cmake'
[1.849s] Level 1:colcon.colcon_core.package_identification:_identify(.) by extension 'python'
[1.849s] Level 1:colcon.colcon_core.package_identification:_identify(.) by extensions ['python_setup_py']
[1.849s] Level 1:colcon.colcon_core.package_identification:_identify(.) by extension 'python_setup_py'
[1.850s] Level 1:colcon.colcon_core.package_identification:_identify(build) by extensions ['ignore', 'ignore_ament_install']
[1.850s] Level 1:colcon.colcon_core.package_identification:_identify(build) by extension 'ignore'
[1.850s] Level 1:colcon.colcon_core.package_identification:_identify(build) ignored
[1.851s] Level 1:colcon.colcon_core.package_identification:_identify(install) by extensions ['ignore', 'ignore_ament_install']
[1.851s] Level 1:colcon.colcon_core.package_identification:_identify(install) by extension 'ignore'
[1.852s] Level 1:colcon.colcon_core.package_identification:_identify(install) ignored
[1.852s] Level 1:colcon.colcon_core.package_identification:_identify(log) by extensions ['ignore', 'ignore_ament_install']
[1.852s] Level 1:colcon.colcon_core.package_identification:_identify(log) by extension 'ignore'
[1.853s] Level 1:colcon.colcon_core.package_identification:_identify(log) ignored
[1.853s] Level 1:colcon.colcon_core.package_identification:_identify(src) by extensions ['ignore', 'ignore_ament_install']
[1.853s] Level 1:colcon.colcon_core.package_identification:_identify(src) by extension 'ignore'
[1.853s] Level 1:colcon.colcon_core.package_identification:_identify(src) by extension 'ignore_ament_install'
[1.854s] Level 1:colcon.colcon_core.package_identification:_identify(src) by extensions ['colcon_pkg']
[1.854s] Level 1:colcon.colcon_core.package_identification:_identify(src) by extension 'colcon_pkg'
[1.854s] Level 1:colcon.colcon_core.package_identification:_identify(src) by extensions ['colcon_meta']
[1.854s] Level 1:colcon.colcon_core.package_identification:_identify(src) by extension 'colcon_meta'
[1.854s] Level 1:colcon.colcon_core.package_identification:_identify(src) by extensions ['ros']
[1.854s] Level 1:colcon.colcon_core.package_identification:_identify(src) by extension 'ros'
[1.855s] Level 1:colcon.colcon_core.package_identification:_identify(src) by extensions ['cmake', 'python']
[1.855s] Level 1:colcon.colcon_core.package_identification:_identify(src) by extension 'cmake'
[1.855s] Level 1:colcon.colcon_core.package_identification:_identify(src) by extension 'python'
[1.855s] Level 1:colcon.colcon_core.package_identification:_identify(src) by extensions ['python_setup_py']
[1.855s] Level 1:colcon.colcon_core.package_identification:_identify(src) by extension 'python_setup_py'
[1.856s] Level 1:colcon.colcon_core.package_identification:_identify(src/rat_roulette_pkg) by extensions ['ignore', 'ignore_ament_install']
[1.856s] Level 1:colcon.colcon_core.package_identification:_identify(src/rat_roulette_pkg) by extension 'ignore'
[1.856s] Level 1:colcon.colcon_core.package_identification:_identify(src/rat_roulette_pkg) by extension 'ignore_ament_install'
[1.857s] Level 1:colcon.colcon_core.package_identification:_identify(src/rat_roulette_pkg) by extensions ['colcon_pkg']
[1.857s] Level 1:colcon.colcon_core.package_identification:_identify(src/rat_roulette_pkg) by extension 'colcon_pkg'
[1.857s] Level 1:colcon.colcon_core.package_identification:_identify(src/rat_roulette_pkg) by extensions ['colcon_meta']
[1.857s] Level 1:colcon.colcon_core.package_identification:_identify(src/rat_roulette_pkg) by extension 'colcon_meta'
[1.857s] Level 1:colcon.colcon_core.package_identification:_identify(src/rat_roulette_pkg) by extensions ['ros']
[1.857s] Level 1:colcon.colcon_core.package_identification:_identify(src/rat_roulette_pkg) by extension 'ros'
[1.870s] DEBUG:colcon.colcon_core.package_identification:Package 'src/rat_roulette_pkg' with type 'ros.ament_python' and name 'rat_roulette_pkg'
[1.870s] Level 1:colcon.colcon_core.package_discovery:discover_packages(recursive) using defaults
[1.870s] Level 1:colcon.colcon_core.package_discovery:discover_packages(ignore) discover
[1.870s] Level 1:colcon.colcon_core.package_discovery:discover_packages(ignore) using defaults
[1.870s] Level 1:colcon.colcon_core.package_discovery:discover_packages(path) discover
[1.870s] Level 1:colcon.colcon_core.package_discovery:discover_packages(path) using defaults
[1.976s] Level 1:colcon.colcon_core.package_discovery:discover_packages(prefix_path) check parameters
[1.977s] Level 1:colcon.colcon_core.package_discovery:discover_packages(prefix_path) discover
[1.990s] DEBUG:colcon.colcon_installed_package_information.package_discovery:Found 1 installed packages in /home/ubuntu/rat-roulette/ros2_ws/install
[2.003s] DEBUG:colcon.colcon_installed_package_information.package_discovery:Found 330 installed packages in /opt/ros/humble
[2.011s] Level 1:colcon.colcon_core.package_discovery:discover_packages(prefix_path) using defaults
[2.312s] Level 5:colcon.colcon_core.verb:set package 'rat_roulette_pkg' build argument 'cmake_args' from command line to 'None'
[2.312s] Level 5:colcon.colcon_core.verb:set package 'rat_roulette_pkg' build argument 'cmake_target' from command line to 'None'
[2.312s] Level 5:colcon.colcon_core.verb:set package 'rat_roulette_pkg' build argument 'cmake_target_skip_unavailable' from command line to 'False'
[2.312s] Level 5:colcon.colcon_core.verb:set package 'rat_roulette_pkg' build argument 'cmake_clean_cache' from command line to 'False'
[2.312s] Level 5:colcon.colcon_core.verb:set package 'rat_roulette_pkg' build argument 'cmake_clean_first' from command line to 'False'
[2.313s] Level 5:colcon.colcon_core.verb:set package 'rat_roulette_pkg' build argument 'cmake_force_configure' from command line to 'False'
[2.313s] Level 5:colcon.colcon_core.verb:set package 'rat_roulette_pkg' build argument 'ament_cmake_args' from command line to 'None'
[2.313s] Level 5:colcon.colcon_core.verb:set package 'rat_roulette_pkg' build argument 'catkin_cmake_args' from command line to 'None'
[2.313s] Level 5:colcon.colcon_core.verb:set package 'rat_roulette_pkg' build argument 'catkin_skip_building_tests' from command line to 'False'
[2.313s] DEBUG:colcon.colcon_core.verb:Building package 'rat_roulette_pkg' with the following arguments: {'ament_cmake_args': None, 'build_base': '/home/ubuntu/rat-roulette/ros2_ws/build/rat_roulette_pkg', 'catkin_cmake_args': None, 'catkin_skip_building_tests': False, 'cmake_args': None, 'cmake_clean_cache': False, 'cmake_clean_first': False, 'cmake_force_configure': False, 'cmake_target': None, 'cmake_target_skip_unavailable': False, 'install_base': '/home/ubuntu/rat-roulette/ros2_ws/install/rat_roulette_pkg', 'merge_install': False, 'path': '/home/ubuntu/rat-roulette/ros2_ws/src/rat_roulette_pkg', 'symlink_install': False, 'test_result_base': None}
[2.316s] INFO:colcon.colcon_core.executor:Executing jobs using 'parallel' executor
[2.329s] DEBUG:colcon.colcon_parallel_executor.executor.parallel:run_until_complete
[2.330s] INFO:colcon.colcon_ros.task.ament_python.build:Building ROS package in '/home/ubuntu/rat-roulette/ros2_ws/src/rat_roulette_pkg' with build type 'ament_python'
[2.331s] Level 1:colcon.colcon_core.shell:create_environment_hook('rat_roulette_pkg', 'ament_prefix_path')
[2.351s] INFO:colcon.colcon_core.plugin_system:Skipping extension 'colcon_core.shell.bat': Not used on non-Windows systems
[2.352s] INFO:colcon.colcon_core.shell:Creating environment hook '/home/ubuntu/rat-roulette/ros2_ws/install/rat_roulette_pkg/share/rat_roulette_pkg/hook/ament_prefix_path.ps1'
[2.354s] INFO:colcon.colcon_core.shell:Creating environment descriptor '/home/ubuntu/rat-roulette/ros2_ws/install/rat_roulette_pkg/share/rat_roulette_pkg/hook/ament_prefix_path.dsv'
[2.357s] INFO:colcon.colcon_core.shell:Creating environment hook '/home/ubuntu/rat-roulette/ros2_ws/install/rat_roulette_pkg/share/rat_roulette_pkg/hook/ament_prefix_path.sh'
[2.365s] INFO:colcon.colcon_core.shell:Skip shell extension 'powershell' for command environment: Not usable outside of PowerShell
[2.365s] DEBUG:colcon.colcon_core.shell:Skip shell extension 'dsv' for command environment
[3.756s] INFO:colcon.colcon_core.task.python.build:Building Python package in '/home/ubuntu/rat-roulette/ros2_ws/src/rat_roulette_pkg'
[3.761s] INFO:colcon.colcon_core.shell:Skip shell extension 'powershell' for command environment: Not usable outside of PowerShell
[3.762s] DEBUG:colcon.colcon_core.shell:Skip shell extension 'dsv' for command environment
[5.578s] DEBUG:colcon.colcon_core.event_handler.log_command:Invoking command in '/home/ubuntu/rat-roulette/ros2_ws/src/rat_roulette_pkg': PYTHONPATH=/home/ubuntu/rat-roulette/ros2_ws/build/rat_roulette_pkg/prefix_override:/home/ubuntu/rat-roulette/ros2_ws/install/rat_roulette_pkg/lib/python3.10/site-packages:${PYTHONPATH} /usr/bin/python3 setup.py egg_info --egg-base ../../build/rat_roulette_pkg build --build-base /home/ubuntu/rat-roulette/ros2_ws/build/rat_roulette_pkg/build install --record /home/ubuntu/rat-roulette/ros2_ws/build/rat_roulette_pkg/install.log --single-version-externally-managed
[7.106s] DEBUG:colcon.colcon_core.event_handler.log_command:Invoked command in '/home/ubuntu/rat-roulette/ros2_ws/src/rat_roulette_pkg' returned '0': PYTHONPATH=/home/ubuntu/rat-roulette/ros2_ws/build/rat_roulette_pkg/prefix_override:/home/ubuntu/rat-roulette/ros2_ws/install/rat_roulette_pkg/lib/python3.10/site-packages:${PYTHONPATH} /usr/bin/python3 setup.py egg_info --egg-base ../../build/rat_roulette_pkg build --build-base /home/ubuntu/rat-roulette/ros2_ws/build/rat_roulette_pkg/build install --record /home/ubuntu/rat-roulette/ros2_ws/build/rat_roulette_pkg/install.log --single-version-externally-managed
[7.131s] Level 1:colcon.colcon_core.environment:checking '/home/ubuntu/rat-roulette/ros2_ws/install/rat_roulette_pkg' for CMake module files
[7.134s] Level 1:colcon.colcon_core.environment:checking '/home/ubuntu/rat-roulette/ros2_ws/install/rat_roulette_pkg' for CMake config files
[7.138s] Level 1:colcon.colcon_core.environment:checking '/home/ubuntu/rat-roulette/ros2_ws/install/rat_roulette_pkg/lib'
[7.138s] Level 1:colcon.colcon_core.environment:checking '/home/ubuntu/rat-roulette/ros2_ws/install/rat_roulette_pkg/bin'
[7.139s] Level 1:colcon.colcon_core.environment:checking '/home/ubuntu/rat-roulette/ros2_ws/install/rat_roulette_pkg/lib/pkgconfig/rat_roulette_pkg.pc'
[7.140s] Level 1:colcon.colcon_core.environment:checking '/home/ubuntu/rat-roulette/ros2_ws/install/rat_roulette_pkg/lib/python3.10/site-packages'
[7.141s] Level 1:colcon.colcon_core.shell:create_environment_hook('rat_roulette_pkg', 'pythonpath')
[7.147s] INFO:colcon.colcon_core.shell:Creating environment hook '/home/ubuntu/rat-roulette/ros2_ws/install/rat_roulette_pkg/share/rat_roulette_pkg/hook/pythonpath.ps1'
[7.149s] INFO:colcon.colcon_core.shell:Creating environment descriptor '/home/ubuntu/rat-roulette/ros2_ws/install/rat_roulette_pkg/share/rat_roulette_pkg/hook/pythonpath.dsv'
[7.151s] INFO:colcon.colcon_core.shell:Creating environment hook '/home/ubuntu/rat-roulette/ros2_ws/install/rat_roulette_pkg/share/rat_roulette_pkg/hook/pythonpath.sh'
[7.153s] Level 1:colcon.colcon_core.environment:checking '/home/ubuntu/rat-roulette/ros2_ws/install/rat_roulette_pkg/bin'
[7.154s] Level 1:colcon.colcon_core.environment:create_environment_scripts_only(rat_roulette_pkg)
[7.159s] INFO:colcon.colcon_core.shell:Creating package script '/home/ubuntu/rat-roulette/ros2_ws/install/rat_roulette_pkg/share/rat_roulette_pkg/package.ps1'
[7.163s] INFO:colcon.colcon_core.shell:Creating package descriptor '/home/ubuntu/rat-roulette/ros2_ws/install/rat_roulette_pkg/share/rat_roulette_pkg/package.dsv'
[7.166s] INFO:colcon.colcon_core.shell:Creating package script '/home/ubuntu/rat-roulette/ros2_ws/install/rat_roulette_pkg/share/rat_roulette_pkg/package.sh'
[7.170s] INFO:colcon.colcon_core.shell:Creating package script '/home/ubuntu/rat-roulette/ros2_ws/install/rat_roulette_pkg/share/rat_roulette_pkg/package.bash'
[7.174s] INFO:colcon.colcon_core.shell:Creating package script '/home/ubuntu/rat-roulette/ros2_ws/install/rat_roulette_pkg/share/rat_roulette_pkg/package.zsh'
[7.178s] Level 1:colcon.colcon_core.environment:create_file_with_runtime_dependencies(/home/ubuntu/rat-roulette/ros2_ws/install/rat_roulette_pkg/share/colcon-core/packages/rat_roulette_pkg)
[7.180s] DEBUG:colcon.colcon_parallel_executor.executor.parallel:closing loop
[7.181s] DEBUG:colcon.colcon_parallel_executor.executor.parallel:loop closed
[7.181s] DEBUG:colcon.colcon_parallel_executor.executor.parallel:run_until_complete finished with '0'
[7.182s] DEBUG:colcon.colcon_core.event_reactor:joining thread
[7.208s] INFO:colcon.colcon_core.plugin_system:Skipping extension 'colcon_notification.desktop_notification.notify_send': Could not find 'notify-send'
[7.209s] INFO:colcon.colcon_core.plugin_system:Skipping extension 'colcon_notification.desktop_notification.terminal_notifier': Not used on non-Darwin systems
[7.209s] INFO:colcon.colcon_core.plugin_system:Skipping extension 'colcon_notification.desktop_notification.win32': Not used on non-Windows systems
[7.210s] INFO:colcon.colcon_notification.desktop_notification:Sending desktop notification using 'notify2'
[7.212s] DEBUG:colcon.colcon_notification.desktop_notification.notify2:Failed to initialize notify2: org.freedesktop.DBus.Error.ServiceUnknown: The name org.freedesktop.Notifications was not provided by any .service files
[7.213s] DEBUG:colcon.colcon_core.event_reactor:joined thread
[7.218s] INFO:colcon.colcon_core.shell:Creating prefix script '/home/ubuntu/rat-roulette/ros2_ws/install/local_setup.ps1'
[7.222s] INFO:colcon.colcon_core.shell:Creating prefix util module '/home/ubuntu/rat-roulette/ros2_ws/install/_local_setup_util_ps1.py'
[7.229s] INFO:colcon.colcon_core.shell:Creating prefix chain script '/home/ubuntu/rat-roulette/ros2_ws/install/setup.ps1'
[7.235s] INFO:colcon.colcon_core.shell:Creating prefix script '/home/ubuntu/rat-roulette/ros2_ws/install/local_setup.sh'
[7.238s] INFO:colcon.colcon_core.shell:Creating prefix util module '/home/ubuntu/rat-roulette/ros2_ws/install/_local_setup_util_sh.py'
[7.241s] INFO:colcon.colcon_core.shell:Creating prefix chain script '/home/ubuntu/rat-roulette/ros2_ws/install/setup.sh'
[7.247s] INFO:colcon.colcon_core.shell:Creating prefix script '/home/ubuntu/rat-roulette/ros2_ws/install/local_setup.bash'
[7.250s] INFO:colcon.colcon_core.shell:Creating prefix chain script '/home/ubuntu/rat-roulette/ros2_ws/install/setup.bash'
[7.256s] INFO:colcon.colcon_core.shell:Creating prefix script '/home/ubuntu/rat-roulette/ros2_ws/install/local_setup.zsh'
[7.259s] INFO:colcon.colcon_core.shell:Creating prefix chain script '/home/ubuntu/rat-roulette/ros2_ws/install/setup.zsh'
