[1.614s] DEBUG:colcon:Command line arguments: ['/usr/bin/colcon', 'build']
[1.614s] DEBUG:colcon:Parsed command line arguments: Namespace(log_base=None, log_level=None, verb_name='build', build_base='build', install_base='install', merge_install=False, symlink_install=False, test_result_base=None, continue_on_error=False, executor='parallel', parallel_workers=4, event_handlers=None, ignore_user_meta=False, metas=['./colcon.meta'], base_paths=['.'], packages_ignore=None, packages_ignore_regex=None, paths=None, packages_up_to=None, packages_up_to_regex=None, packages_above=None, packages_above_and_dependencies=None, packages_above_depth=None, packages_select_by_dep=None, packages_skip_by_dep=None, packages_skip_up_to=None, packages_select_build_failed=False, packages_skip_build_finished=False, packages_select_test_failures=False, packages_skip_test_passed=False, packages_select=None, packages_skip=None, packages_select_regex=None, packages_skip_regex=None, packages_start=None, packages_end=None, allow_overriding=[], cmake_args=None, cmake_target=None, cmake_target_skip_unavailable=False, cmake_clean_cache=False, cmake_clean_first=False, cmake_force_configure=False, ament_cmake_args=None, catkin_cmake_args=None, catkin_skip_building_tests=False, verb_parser=<colcon_defaults.argument_parser.defaults.DefaultArgumentsDecorator object at 0xffffa19e2440>, verb_extension=<colcon_core.verb.build.BuildVerb object at 0xffffa19e1ed0>, main=<bound method BuildVerb.main of <colcon_core.verb.build.BuildVerb object at 0xffffa19e1ed0>>)
[1.727s] Level 1:colcon.colcon_core.package_discovery:discover_packages(colcon_meta) check parameters
[1.728s] Level 1:colcon.colcon_core.package_discovery:discover_packages(recursive) check parameters
[1.728s] Level 1:colcon.colcon_core.package_discovery:discover_packages(ignore) check parameters
[1.728s] Level 1:colcon.colcon_core.package_discovery:discover_packages(path) check parameters
[1.728s] Level 1:colcon.colcon_core.package_discovery:discover_packages(colcon_meta) discover
[1.729s] Level 1:colcon.colcon_core.package_discovery:discover_packages(recursive) discover
[1.729s] INFO:colcon.colcon_core.package_discovery:Crawling recursively for packages in '/home/ubuntu/rat-roulette/ros2_ws'
[1.729s] Level 1:colcon.colcon_core.package_identification:_identify(.) by extensions ['ignore', 'ignore_ament_install']
[1.730s] Level 1:colcon.colcon_core.package_identification:_identify(.) by extension 'ignore'
[1.730s] Level 1:colcon.colcon_core.package_identification:_identify(.) by extension 'ignore_ament_install'
[1.730s] Level 1:colcon.colcon_core.package_identification:_identify(.) by extensions ['colcon_pkg']
[1.730s] Level 1:colcon.colcon_core.package_identification:_identify(.) by extension 'colcon_pkg'
[1.731s] Level 1:colcon.colcon_core.package_identification:_identify(.) by extensions ['colcon_meta']
[1.731s] Level 1:colcon.colcon_core.package_identification:_identify(.) by extension 'colcon_meta'
[1.731s] Level 1:colcon.colcon_core.package_identification:_identify(.) by extensions ['ros']
[1.731s] Level 1:colcon.colcon_core.package_identification:_identify(.) by extension 'ros'
[1.777s] Level 1:colcon.colcon_core.package_identification:_identify(.) by extensions ['cmake', 'python']
[1.778s] Level 1:colcon.colcon_core.package_identification:_identify(.) by extension 'cmake'
[1.778s] Level 1:colcon.colcon_core.package_identification:_identify(.) by extension 'python'
[1.778s] Level 1:colcon.colcon_core.package_identification:_identify(.) by extensions ['python_setup_py']
[1.778s] Level 1:colcon.colcon_core.package_identification:_identify(.) by extension 'python_setup_py'
[1.779s] Level 1:colcon.colcon_core.package_identification:_identify(build) by extensions ['ignore', 'ignore_ament_install']
[1.779s] Level 1:colcon.colcon_core.package_identification:_identify(build) by extension 'ignore'
[1.779s] Level 1:colcon.colcon_core.package_identification:_identify(build) ignored
[1.780s] Level 1:colcon.colcon_core.package_identification:_identify(install) by extensions ['ignore', 'ignore_ament_install']
[1.781s] Level 1:colcon.colcon_core.package_identification:_identify(install) by extension 'ignore'
[1.781s] Level 1:colcon.colcon_core.package_identification:_identify(install) ignored
[1.782s] Level 1:colcon.colcon_core.package_identification:_identify(log) by extensions ['ignore', 'ignore_ament_install']
[1.782s] Level 1:colcon.colcon_core.package_identification:_identify(log) by extension 'ignore'
[1.782s] Level 1:colcon.colcon_core.package_identification:_identify(log) ignored
[1.783s] Level 1:colcon.colcon_core.package_identification:_identify(src) by extensions ['ignore', 'ignore_ament_install']
[1.783s] Level 1:colcon.colcon_core.package_identification:_identify(src) by extension 'ignore'
[1.783s] Level 1:colcon.colcon_core.package_identification:_identify(src) by extension 'ignore_ament_install'
[1.784s] Level 1:colcon.colcon_core.package_identification:_identify(src) by extensions ['colcon_pkg']
[1.784s] Level 1:colcon.colcon_core.package_identification:_identify(src) by extension 'colcon_pkg'
[1.784s] Level 1:colcon.colcon_core.package_identification:_identify(src) by extensions ['colcon_meta']
[1.784s] Level 1:colcon.colcon_core.package_identification:_identify(src) by extension 'colcon_meta'
[1.784s] Level 1:colcon.colcon_core.package_identification:_identify(src) by extensions ['ros']
[1.784s] Level 1:colcon.colcon_core.package_identification:_identify(src) by extension 'ros'
[1.785s] Level 1:colcon.colcon_core.package_identification:_identify(src) by extensions ['cmake', 'python']
[1.785s] Level 1:colcon.colcon_core.package_identification:_identify(src) by extension 'cmake'
[1.785s] Level 1:colcon.colcon_core.package_identification:_identify(src) by extension 'python'
[1.785s] Level 1:colcon.colcon_core.package_identification:_identify(src) by extensions ['python_setup_py']
[1.785s] Level 1:colcon.colcon_core.package_identification:_identify(src) by extension 'python_setup_py'
[1.786s] Level 1:colcon.colcon_core.package_identification:_identify(src/rat_roulette_pkg) by extensions ['ignore', 'ignore_ament_install']
[1.786s] Level 1:colcon.colcon_core.package_identification:_identify(src/rat_roulette_pkg) by extension 'ignore'
[1.786s] Level 1:colcon.colcon_core.package_identification:_identify(src/rat_roulette_pkg) by extension 'ignore_ament_install'
[1.786s] Level 1:colcon.colcon_core.package_identification:_identify(src/rat_roulette_pkg) by extensions ['colcon_pkg']
[1.787s] Level 1:colcon.colcon_core.package_identification:_identify(src/rat_roulette_pkg) by extension 'colcon_pkg'
[1.787s] Level 1:colcon.colcon_core.package_identification:_identify(src/rat_roulette_pkg) by extensions ['colcon_meta']
[1.787s] Level 1:colcon.colcon_core.package_identification:_identify(src/rat_roulette_pkg) by extension 'colcon_meta'
[1.788s] Level 1:colcon.colcon_core.package_identification:_identify(src/rat_roulette_pkg) by extensions ['ros']
[1.788s] Level 1:colcon.colcon_core.package_identification:_identify(src/rat_roulette_pkg) by extension 'ros'
[1.799s] DEBUG:colcon.colcon_core.package_identification:Package 'src/rat_roulette_pkg' with type 'ros.ament_python' and name 'rat_roulette_pkg'
[1.800s] Level 1:colcon.colcon_core.package_discovery:discover_packages(recursive) using defaults
[1.800s] Level 1:colcon.colcon_core.package_discovery:discover_packages(ignore) discover
[1.800s] Level 1:colcon.colcon_core.package_discovery:discover_packages(ignore) using defaults
[1.800s] Level 1:colcon.colcon_core.package_discovery:discover_packages(path) discover
[1.800s] Level 1:colcon.colcon_core.package_discovery:discover_packages(path) using defaults
[1.901s] Level 1:colcon.colcon_core.package_discovery:discover_packages(prefix_path) check parameters
[1.901s] Level 1:colcon.colcon_core.package_discovery:discover_packages(prefix_path) discover
[1.913s] DEBUG:colcon.colcon_installed_package_information.package_discovery:Found 1 installed packages in /home/ubuntu/rat-roulette/ros2_ws/install
[1.926s] DEBUG:colcon.colcon_installed_package_information.package_discovery:Found 330 installed packages in /opt/ros/humble
[1.934s] Level 1:colcon.colcon_core.package_discovery:discover_packages(prefix_path) using defaults
[2.216s] Level 5:colcon.colcon_core.verb:set package 'rat_roulette_pkg' build argument 'cmake_args' from command line to 'None'
[2.216s] Level 5:colcon.colcon_core.verb:set package 'rat_roulette_pkg' build argument 'cmake_target' from command line to 'None'
[2.216s] Level 5:colcon.colcon_core.verb:set package 'rat_roulette_pkg' build argument 'cmake_target_skip_unavailable' from command line to 'False'
[2.216s] Level 5:colcon.colcon_core.verb:set package 'rat_roulette_pkg' build argument 'cmake_clean_cache' from command line to 'False'
[2.217s] Level 5:colcon.colcon_core.verb:set package 'rat_roulette_pkg' build argument 'cmake_clean_first' from command line to 'False'
[2.217s] Level 5:colcon.colcon_core.verb:set package 'rat_roulette_pkg' build argument 'cmake_force_configure' from command line to 'False'
[2.217s] Level 5:colcon.colcon_core.verb:set package 'rat_roulette_pkg' build argument 'ament_cmake_args' from command line to 'None'
[2.217s] Level 5:colcon.colcon_core.verb:set package 'rat_roulette_pkg' build argument 'catkin_cmake_args' from command line to 'None'
[2.217s] Level 5:colcon.colcon_core.verb:set package 'rat_roulette_pkg' build argument 'catkin_skip_building_tests' from command line to 'False'
[2.217s] DEBUG:colcon.colcon_core.verb:Building package 'rat_roulette_pkg' with the following arguments: {'ament_cmake_args': None, 'build_base': '/home/ubuntu/rat-roulette/ros2_ws/build/rat_roulette_pkg', 'catkin_cmake_args': None, 'catkin_skip_building_tests': False, 'cmake_args': None, 'cmake_clean_cache': False, 'cmake_clean_first': False, 'cmake_force_configure': False, 'cmake_target': None, 'cmake_target_skip_unavailable': False, 'install_base': '/home/ubuntu/rat-roulette/ros2_ws/install/rat_roulette_pkg', 'merge_install': False, 'path': '/home/ubuntu/rat-roulette/ros2_ws/src/rat_roulette_pkg', 'symlink_install': False, 'test_result_base': None}
[2.220s] INFO:colcon.colcon_core.executor:Executing jobs using 'parallel' executor
[2.234s] DEBUG:colcon.colcon_parallel_executor.executor.parallel:run_until_complete
[2.235s] INFO:colcon.colcon_ros.task.ament_python.build:Building ROS package in '/home/ubuntu/rat-roulette/ros2_ws/src/rat_roulette_pkg' with build type 'ament_python'
[2.236s] Level 1:colcon.colcon_core.shell:create_environment_hook('rat_roulette_pkg', 'ament_prefix_path')
[2.255s] INFO:colcon.colcon_core.plugin_system:Skipping extension 'colcon_core.shell.bat': Not used on non-Windows systems
[2.256s] INFO:colcon.colcon_core.shell:Creating environment hook '/home/ubuntu/rat-roulette/ros2_ws/install/rat_roulette_pkg/share/rat_roulette_pkg/hook/ament_prefix_path.ps1'
[2.259s] INFO:colcon.colcon_core.shell:Creating environment descriptor '/home/ubuntu/rat-roulette/ros2_ws/install/rat_roulette_pkg/share/rat_roulette_pkg/hook/ament_prefix_path.dsv'
[2.261s] INFO:colcon.colcon_core.shell:Creating environment hook '/home/ubuntu/rat-roulette/ros2_ws/install/rat_roulette_pkg/share/rat_roulette_pkg/hook/ament_prefix_path.sh'
[2.269s] INFO:colcon.colcon_core.shell:Skip shell extension 'powershell' for command environment: Not usable outside of PowerShell
[2.269s] DEBUG:colcon.colcon_core.shell:Skip shell extension 'dsv' for command environment
[3.604s] INFO:colcon.colcon_core.task.python.build:Building Python package in '/home/ubuntu/rat-roulette/ros2_ws/src/rat_roulette_pkg'
[3.609s] INFO:colcon.colcon_core.shell:Skip shell extension 'powershell' for command environment: Not usable outside of PowerShell
[3.609s] DEBUG:colcon.colcon_core.shell:Skip shell extension 'dsv' for command environment
[5.362s] DEBUG:colcon.colcon_core.event_handler.log_command:Invoking command in '/home/ubuntu/rat-roulette/ros2_ws/src/rat_roulette_pkg': PYTHONPATH=/home/ubuntu/rat-roulette/ros2_ws/build/rat_roulette_pkg/prefix_override:/home/ubuntu/rat-roulette/ros2_ws/install/rat_roulette_pkg/lib/python3.10/site-packages:${PYTHONPATH} /usr/bin/python3 setup.py egg_info --egg-base ../../build/rat_roulette_pkg build --build-base /home/ubuntu/rat-roulette/ros2_ws/build/rat_roulette_pkg/build install --record /home/ubuntu/rat-roulette/ros2_ws/build/rat_roulette_pkg/install.log --single-version-externally-managed
[6.841s] DEBUG:colcon.colcon_core.event_handler.log_command:Invoked command in '/home/ubuntu/rat-roulette/ros2_ws/src/rat_roulette_pkg' returned '0': PYTHONPATH=/home/ubuntu/rat-roulette/ros2_ws/build/rat_roulette_pkg/prefix_override:/home/ubuntu/rat-roulette/ros2_ws/install/rat_roulette_pkg/lib/python3.10/site-packages:${PYTHONPATH} /usr/bin/python3 setup.py egg_info --egg-base ../../build/rat_roulette_pkg build --build-base /home/ubuntu/rat-roulette/ros2_ws/build/rat_roulette_pkg/build install --record /home/ubuntu/rat-roulette/ros2_ws/build/rat_roulette_pkg/install.log --single-version-externally-managed
[6.864s] Level 1:colcon.colcon_core.environment:checking '/home/ubuntu/rat-roulette/ros2_ws/install/rat_roulette_pkg' for CMake module files
[6.867s] Level 1:colcon.colcon_core.environment:checking '/home/ubuntu/rat-roulette/ros2_ws/install/rat_roulette_pkg' for CMake config files
[6.872s] Level 1:colcon.colcon_core.environment:checking '/home/ubuntu/rat-roulette/ros2_ws/install/rat_roulette_pkg/lib'
[6.873s] Level 1:colcon.colcon_core.environment:checking '/home/ubuntu/rat-roulette/ros2_ws/install/rat_roulette_pkg/bin'
[6.874s] Level 1:colcon.colcon_core.environment:checking '/home/ubuntu/rat-roulette/ros2_ws/install/rat_roulette_pkg/lib/pkgconfig/rat_roulette_pkg.pc'
[6.875s] Level 1:colcon.colcon_core.environment:checking '/home/ubuntu/rat-roulette/ros2_ws/install/rat_roulette_pkg/lib/python3.10/site-packages'
[6.876s] Level 1:colcon.colcon_core.shell:create_environment_hook('rat_roulette_pkg', 'pythonpath')
[6.881s] INFO:colcon.colcon_core.shell:Creating environment hook '/home/ubuntu/rat-roulette/ros2_ws/install/rat_roulette_pkg/share/rat_roulette_pkg/hook/pythonpath.ps1'
[6.883s] INFO:colcon.colcon_core.shell:Creating environment descriptor '/home/ubuntu/rat-roulette/ros2_ws/install/rat_roulette_pkg/share/rat_roulette_pkg/hook/pythonpath.dsv'
[6.885s] INFO:colcon.colcon_core.shell:Creating environment hook '/home/ubuntu/rat-roulette/ros2_ws/install/rat_roulette_pkg/share/rat_roulette_pkg/hook/pythonpath.sh'
[6.887s] Level 1:colcon.colcon_core.environment:checking '/home/ubuntu/rat-roulette/ros2_ws/install/rat_roulette_pkg/bin'
[6.888s] Level 1:colcon.colcon_core.environment:create_environment_scripts_only(rat_roulette_pkg)
[6.893s] INFO:colcon.colcon_core.shell:Creating package script '/home/ubuntu/rat-roulette/ros2_ws/install/rat_roulette_pkg/share/rat_roulette_pkg/package.ps1'
[6.897s] INFO:colcon.colcon_core.shell:Creating package descriptor '/home/ubuntu/rat-roulette/ros2_ws/install/rat_roulette_pkg/share/rat_roulette_pkg/package.dsv'
[6.900s] INFO:colcon.colcon_core.shell:Creating package script '/home/ubuntu/rat-roulette/ros2_ws/install/rat_roulette_pkg/share/rat_roulette_pkg/package.sh'
[6.904s] INFO:colcon.colcon_core.shell:Creating package script '/home/ubuntu/rat-roulette/ros2_ws/install/rat_roulette_pkg/share/rat_roulette_pkg/package.bash'
[6.907s] INFO:colcon.colcon_core.shell:Creating package script '/home/ubuntu/rat-roulette/ros2_ws/install/rat_roulette_pkg/share/rat_roulette_pkg/package.zsh'
[6.911s] Level 1:colcon.colcon_core.environment:create_file_with_runtime_dependencies(/home/ubuntu/rat-roulette/ros2_ws/install/rat_roulette_pkg/share/colcon-core/packages/rat_roulette_pkg)
[6.913s] DEBUG:colcon.colcon_parallel_executor.executor.parallel:closing loop
[6.914s] DEBUG:colcon.colcon_parallel_executor.executor.parallel:loop closed
[6.915s] DEBUG:colcon.colcon_parallel_executor.executor.parallel:run_until_complete finished with '0'
[6.915s] DEBUG:colcon.colcon_core.event_reactor:joining thread
[6.936s] INFO:colcon.colcon_core.plugin_system:Skipping extension 'colcon_notification.desktop_notification.notify_send': Could not find 'notify-send'
[6.936s] INFO:colcon.colcon_core.plugin_system:Skipping extension 'colcon_notification.desktop_notification.terminal_notifier': Not used on non-Darwin systems
[6.937s] INFO:colcon.colcon_core.plugin_system:Skipping extension 'colcon_notification.desktop_notification.win32': Not used on non-Windows systems
[6.937s] INFO:colcon.colcon_notification.desktop_notification:Sending desktop notification using 'notify2'
[6.942s] DEBUG:colcon.colcon_notification.desktop_notification.notify2:Failed to initialize notify2: org.freedesktop.DBus.Error.ServiceUnknown: The name org.freedesktop.Notifications was not provided by any .service files
[6.942s] DEBUG:colcon.colcon_core.event_reactor:joined thread
[6.947s] INFO:colcon.colcon_core.shell:Creating prefix script '/home/ubuntu/rat-roulette/ros2_ws/install/local_setup.ps1'
[6.951s] INFO:colcon.colcon_core.shell:Creating prefix util module '/home/ubuntu/rat-roulette/ros2_ws/install/_local_setup_util_ps1.py'
[6.957s] INFO:colcon.colcon_core.shell:Creating prefix chain script '/home/ubuntu/rat-roulette/ros2_ws/install/setup.ps1'
[6.964s] INFO:colcon.colcon_core.shell:Creating prefix script '/home/ubuntu/rat-roulette/ros2_ws/install/local_setup.sh'
[6.967s] INFO:colcon.colcon_core.shell:Creating prefix util module '/home/ubuntu/rat-roulette/ros2_ws/install/_local_setup_util_sh.py'
[6.969s] INFO:colcon.colcon_core.shell:Creating prefix chain script '/home/ubuntu/rat-roulette/ros2_ws/install/setup.sh'
[6.976s] INFO:colcon.colcon_core.shell:Creating prefix script '/home/ubuntu/rat-roulette/ros2_ws/install/local_setup.bash'
[6.979s] INFO:colcon.colcon_core.shell:Creating prefix chain script '/home/ubuntu/rat-roulette/ros2_ws/install/setup.bash'
[6.985s] INFO:colcon.colcon_core.shell:Creating prefix script '/home/ubuntu/rat-roulette/ros2_ws/install/local_setup.zsh'
[6.988s] INFO:colcon.colcon_core.shell:Creating prefix chain script '/home/ubuntu/rat-roulette/ros2_ws/install/setup.zsh'
