[1.859s] DEBUG:colcon:Command line arguments: ['/usr/bin/colcon', 'build']
[1.860s] DEBUG:colcon:Parsed command line arguments: Namespace(log_base=None, log_level=None, verb_name='build', build_base='build', install_base='install', merge_install=False, symlink_install=False, test_result_base=None, continue_on_error=False, executor='parallel', parallel_workers=4, event_handlers=None, ignore_user_meta=False, metas=['./colcon.meta'], base_paths=['.'], packages_ignore=None, packages_ignore_regex=None, paths=None, packages_up_to=None, packages_up_to_regex=None, packages_above=None, packages_above_and_dependencies=None, packages_above_depth=None, packages_select_by_dep=None, packages_skip_by_dep=None, packages_skip_up_to=None, packages_select_build_failed=False, packages_skip_build_finished=False, packages_select_test_failures=False, packages_skip_test_passed=False, packages_select=None, packages_skip=None, packages_select_regex=None, packages_skip_regex=None, packages_start=None, packages_end=None, allow_overriding=[], cmake_args=None, cmake_target=None, cmake_target_skip_unavailable=False, cmake_clean_cache=False, cmake_clean_first=False, cmake_force_configure=False, ament_cmake_args=None, catkin_cmake_args=None, catkin_skip_building_tests=False, verb_parser=<colcon_defaults.argument_parser.defaults.DefaultArgumentsDecorator object at 0xffff99d32560>, verb_extension=<colcon_core.verb.build.BuildVerb object at 0xffff99d31ff0>, main=<bound method BuildVerb.main of <colcon_core.verb.build.BuildVerb object at 0xffff99d31ff0>>)
[1.985s] Level 1:colcon.colcon_core.package_discovery:discover_packages(colcon_meta) check parameters
[1.986s] Level 1:colcon.colcon_core.package_discovery:discover_packages(recursive) check parameters
[1.986s] Level 1:colcon.colcon_core.package_discovery:discover_packages(ignore) check parameters
[1.987s] Level 1:colcon.colcon_core.package_discovery:discover_packages(path) check parameters
[1.987s] Level 1:colcon.colcon_core.package_discovery:discover_packages(colcon_meta) discover
[1.987s] Level 1:colcon.colcon_core.package_discovery:discover_packages(recursive) discover
[1.987s] INFO:colcon.colcon_core.package_discovery:Crawling recursively for packages in '/home/ubuntu/rat-roulette/ros2_ws'
[1.988s] Level 1:colcon.colcon_core.package_identification:_identify(.) by extensions ['ignore', 'ignore_ament_install']
[1.988s] Level 1:colcon.colcon_core.package_identification:_identify(.) by extension 'ignore'
[1.988s] Level 1:colcon.colcon_core.package_identification:_identify(.) by extension 'ignore_ament_install'
[1.988s] Level 1:colcon.colcon_core.package_identification:_identify(.) by extensions ['colcon_pkg']
[1.989s] Level 1:colcon.colcon_core.package_identification:_identify(.) by extension 'colcon_pkg'
[1.989s] Level 1:colcon.colcon_core.package_identification:_identify(.) by extensions ['colcon_meta']
[1.989s] Level 1:colcon.colcon_core.package_identification:_identify(.) by extension 'colcon_meta'
[1.989s] Level 1:colcon.colcon_core.package_identification:_identify(.) by extensions ['ros']
[1.989s] Level 1:colcon.colcon_core.package_identification:_identify(.) by extension 'ros'
[2.041s] Level 1:colcon.colcon_core.package_identification:_identify(.) by extensions ['cmake', 'python']
[2.042s] Level 1:colcon.colcon_core.package_identification:_identify(.) by extension 'cmake'
[2.043s] Level 1:colcon.colcon_core.package_identification:_identify(.) by extension 'python'
[2.043s] Level 1:colcon.colcon_core.package_identification:_identify(.) by extensions ['python_setup_py']
[2.043s] Level 1:colcon.colcon_core.package_identification:_identify(.) by extension 'python_setup_py'
[2.044s] Level 1:colcon.colcon_core.package_identification:_identify(build) by extensions ['ignore', 'ignore_ament_install']
[2.045s] Level 1:colcon.colcon_core.package_identification:_identify(build) by extension 'ignore'
[2.045s] Level 1:colcon.colcon_core.package_identification:_identify(build) ignored
[2.046s] Level 1:colcon.colcon_core.package_identification:_identify(install) by extensions ['ignore', 'ignore_ament_install']
[2.046s] Level 1:colcon.colcon_core.package_identification:_identify(install) by extension 'ignore'
[2.047s] Level 1:colcon.colcon_core.package_identification:_identify(install) ignored
[2.048s] Level 1:colcon.colcon_core.package_identification:_identify(log) by extensions ['ignore', 'ignore_ament_install']
[2.048s] Level 1:colcon.colcon_core.package_identification:_identify(log) by extension 'ignore'
[2.048s] Level 1:colcon.colcon_core.package_identification:_identify(log) ignored
[2.049s] Level 1:colcon.colcon_core.package_identification:_identify(src) by extensions ['ignore', 'ignore_ament_install']
[2.049s] Level 1:colcon.colcon_core.package_identification:_identify(src) by extension 'ignore'
[2.049s] Level 1:colcon.colcon_core.package_identification:_identify(src) by extension 'ignore_ament_install'
[2.049s] Level 1:colcon.colcon_core.package_identification:_identify(src) by extensions ['colcon_pkg']
[2.050s] Level 1:colcon.colcon_core.package_identification:_identify(src) by extension 'colcon_pkg'
[2.050s] Level 1:colcon.colcon_core.package_identification:_identify(src) by extensions ['colcon_meta']
[2.050s] Level 1:colcon.colcon_core.package_identification:_identify(src) by extension 'colcon_meta'
[2.050s] Level 1:colcon.colcon_core.package_identification:_identify(src) by extensions ['ros']
[2.050s] Level 1:colcon.colcon_core.package_identification:_identify(src) by extension 'ros'
[2.051s] Level 1:colcon.colcon_core.package_identification:_identify(src) by extensions ['cmake', 'python']
[2.051s] Level 1:colcon.colcon_core.package_identification:_identify(src) by extension 'cmake'
[2.051s] Level 1:colcon.colcon_core.package_identification:_identify(src) by extension 'python'
[2.051s] Level 1:colcon.colcon_core.package_identification:_identify(src) by extensions ['python_setup_py']
[2.051s] Level 1:colcon.colcon_core.package_identification:_identify(src) by extension 'python_setup_py'
[2.052s] Level 1:colcon.colcon_core.package_identification:_identify(src/rat_roulette_pkg) by extensions ['ignore', 'ignore_ament_install']
[2.052s] Level 1:colcon.colcon_core.package_identification:_identify(src/rat_roulette_pkg) by extension 'ignore'
[2.052s] Level 1:colcon.colcon_core.package_identification:_identify(src/rat_roulette_pkg) by extension 'ignore_ament_install'
[2.053s] Level 1:colcon.colcon_core.package_identification:_identify(src/rat_roulette_pkg) by extensions ['colcon_pkg']
[2.053s] Level 1:colcon.colcon_core.package_identification:_identify(src/rat_roulette_pkg) by extension 'colcon_pkg'
[2.053s] Level 1:colcon.colcon_core.package_identification:_identify(src/rat_roulette_pkg) by extensions ['colcon_meta']
[2.053s] Level 1:colcon.colcon_core.package_identification:_identify(src/rat_roulette_pkg) by extension 'colcon_meta'
[2.053s] Level 1:colcon.colcon_core.package_identification:_identify(src/rat_roulette_pkg) by extensions ['ros']
[2.054s] Level 1:colcon.colcon_core.package_identification:_identify(src/rat_roulette_pkg) by extension 'ros'
[2.066s] DEBUG:colcon.colcon_core.package_identification:Package 'src/rat_roulette_pkg' with type 'ros.ament_python' and name 'rat_roulette_pkg'
[2.067s] Level 1:colcon.colcon_core.package_discovery:discover_packages(recursive) using defaults
[2.067s] Level 1:colcon.colcon_core.package_discovery:discover_packages(ignore) discover
[2.067s] Level 1:colcon.colcon_core.package_discovery:discover_packages(ignore) using defaults
[2.067s] Level 1:colcon.colcon_core.package_discovery:discover_packages(path) discover
[2.067s] Level 1:colcon.colcon_core.package_discovery:discover_packages(path) using defaults
[2.179s] Level 1:colcon.colcon_core.package_discovery:discover_packages(prefix_path) check parameters
[2.180s] Level 1:colcon.colcon_core.package_discovery:discover_packages(prefix_path) discover
[2.195s] DEBUG:colcon.colcon_installed_package_information.package_discovery:Found 1 installed packages in /home/ubuntu/rat-roulette/ros2_ws/install
[2.208s] DEBUG:colcon.colcon_installed_package_information.package_discovery:Found 330 installed packages in /opt/ros/humble
[2.216s] Level 1:colcon.colcon_core.package_discovery:discover_packages(prefix_path) using defaults
[2.552s] Level 5:colcon.colcon_core.verb:set package 'rat_roulette_pkg' build argument 'cmake_args' from command line to 'None'
[2.552s] Level 5:colcon.colcon_core.verb:set package 'rat_roulette_pkg' build argument 'cmake_target' from command line to 'None'
[2.552s] Level 5:colcon.colcon_core.verb:set package 'rat_roulette_pkg' build argument 'cmake_target_skip_unavailable' from command line to 'False'
[2.552s] Level 5:colcon.colcon_core.verb:set package 'rat_roulette_pkg' build argument 'cmake_clean_cache' from command line to 'False'
[2.552s] Level 5:colcon.colcon_core.verb:set package 'rat_roulette_pkg' build argument 'cmake_clean_first' from command line to 'False'
[2.553s] Level 5:colcon.colcon_core.verb:set package 'rat_roulette_pkg' build argument 'cmake_force_configure' from command line to 'False'
[2.553s] Level 5:colcon.colcon_core.verb:set package 'rat_roulette_pkg' build argument 'ament_cmake_args' from command line to 'None'
[2.553s] Level 5:colcon.colcon_core.verb:set package 'rat_roulette_pkg' build argument 'catkin_cmake_args' from command line to 'None'
[2.553s] Level 5:colcon.colcon_core.verb:set package 'rat_roulette_pkg' build argument 'catkin_skip_building_tests' from command line to 'False'
[2.553s] DEBUG:colcon.colcon_core.verb:Building package 'rat_roulette_pkg' with the following arguments: {'ament_cmake_args': None, 'build_base': '/home/ubuntu/rat-roulette/ros2_ws/build/rat_roulette_pkg', 'catkin_cmake_args': None, 'catkin_skip_building_tests': False, 'cmake_args': None, 'cmake_clean_cache': False, 'cmake_clean_first': False, 'cmake_force_configure': False, 'cmake_target': None, 'cmake_target_skip_unavailable': False, 'install_base': '/home/ubuntu/rat-roulette/ros2_ws/install/rat_roulette_pkg', 'merge_install': False, 'path': '/home/ubuntu/rat-roulette/ros2_ws/src/rat_roulette_pkg', 'symlink_install': False, 'test_result_base': None}
[2.558s] INFO:colcon.colcon_core.executor:Executing jobs using 'parallel' executor
[2.571s] DEBUG:colcon.colcon_parallel_executor.executor.parallel:run_until_complete
[2.572s] INFO:colcon.colcon_ros.task.ament_python.build:Building ROS package in '/home/ubuntu/rat-roulette/ros2_ws/src/rat_roulette_pkg' with build type 'ament_python'
[2.573s] Level 1:colcon.colcon_core.shell:create_environment_hook('rat_roulette_pkg', 'ament_prefix_path')
[2.594s] INFO:colcon.colcon_core.plugin_system:Skipping extension 'colcon_core.shell.bat': Not used on non-Windows systems
[2.595s] INFO:colcon.colcon_core.shell:Creating environment hook '/home/ubuntu/rat-roulette/ros2_ws/install/rat_roulette_pkg/share/rat_roulette_pkg/hook/ament_prefix_path.ps1'
[2.598s] INFO:colcon.colcon_core.shell:Creating environment descriptor '/home/ubuntu/rat-roulette/ros2_ws/install/rat_roulette_pkg/share/rat_roulette_pkg/hook/ament_prefix_path.dsv'
[2.600s] INFO:colcon.colcon_core.shell:Creating environment hook '/home/ubuntu/rat-roulette/ros2_ws/install/rat_roulette_pkg/share/rat_roulette_pkg/hook/ament_prefix_path.sh'
[2.609s] INFO:colcon.colcon_core.shell:Skip shell extension 'powershell' for command environment: Not usable outside of PowerShell
[2.609s] DEBUG:colcon.colcon_core.shell:Skip shell extension 'dsv' for command environment
[4.101s] INFO:colcon.colcon_core.task.python.build:Building Python package in '/home/ubuntu/rat-roulette/ros2_ws/src/rat_roulette_pkg'
[4.108s] INFO:colcon.colcon_core.shell:Skip shell extension 'powershell' for command environment: Not usable outside of PowerShell
[4.108s] DEBUG:colcon.colcon_core.shell:Skip shell extension 'dsv' for command environment
[6.180s] DEBUG:colcon.colcon_core.event_handler.log_command:Invoking command in '/home/ubuntu/rat-roulette/ros2_ws/src/rat_roulette_pkg': PYTHONPATH=/home/ubuntu/rat-roulette/ros2_ws/build/rat_roulette_pkg/prefix_override:/home/ubuntu/rat-roulette/ros2_ws/install/rat_roulette_pkg/lib/python3.10/site-packages:${PYTHONPATH} /usr/bin/python3 setup.py egg_info --egg-base ../../build/rat_roulette_pkg build --build-base /home/ubuntu/rat-roulette/ros2_ws/build/rat_roulette_pkg/build install --record /home/ubuntu/rat-roulette/ros2_ws/build/rat_roulette_pkg/install.log --single-version-externally-managed
[7.907s] DEBUG:colcon.colcon_core.event_handler.log_command:Invoked command in '/home/ubuntu/rat-roulette/ros2_ws/src/rat_roulette_pkg' returned '0': PYTHONPATH=/home/ubuntu/rat-roulette/ros2_ws/build/rat_roulette_pkg/prefix_override:/home/ubuntu/rat-roulette/ros2_ws/install/rat_roulette_pkg/lib/python3.10/site-packages:${PYTHONPATH} /usr/bin/python3 setup.py egg_info --egg-base ../../build/rat_roulette_pkg build --build-base /home/ubuntu/rat-roulette/ros2_ws/build/rat_roulette_pkg/build install --record /home/ubuntu/rat-roulette/ros2_ws/build/rat_roulette_pkg/install.log --single-version-externally-managed
[7.924s] Level 1:colcon.colcon_core.environment:checking '/home/ubuntu/rat-roulette/ros2_ws/install/rat_roulette_pkg' for CMake module files
[7.926s] Level 1:colcon.colcon_core.environment:checking '/home/ubuntu/rat-roulette/ros2_ws/install/rat_roulette_pkg' for CMake config files
[7.931s] Level 1:colcon.colcon_core.environment:checking '/home/ubuntu/rat-roulette/ros2_ws/install/rat_roulette_pkg/lib'
[7.932s] Level 1:colcon.colcon_core.environment:checking '/home/ubuntu/rat-roulette/ros2_ws/install/rat_roulette_pkg/bin'
[7.933s] Level 1:colcon.colcon_core.environment:checking '/home/ubuntu/rat-roulette/ros2_ws/install/rat_roulette_pkg/lib/pkgconfig/rat_roulette_pkg.pc'
[7.934s] Level 1:colcon.colcon_core.environment:checking '/home/ubuntu/rat-roulette/ros2_ws/install/rat_roulette_pkg/lib/python3.10/site-packages'
[7.934s] Level 1:colcon.colcon_core.shell:create_environment_hook('rat_roulette_pkg', 'pythonpath')
[7.939s] INFO:colcon.colcon_core.shell:Creating environment hook '/home/ubuntu/rat-roulette/ros2_ws/install/rat_roulette_pkg/share/rat_roulette_pkg/hook/pythonpath.ps1'
[7.941s] INFO:colcon.colcon_core.shell:Creating environment descriptor '/home/ubuntu/rat-roulette/ros2_ws/install/rat_roulette_pkg/share/rat_roulette_pkg/hook/pythonpath.dsv'
[7.943s] INFO:colcon.colcon_core.shell:Creating environment hook '/home/ubuntu/rat-roulette/ros2_ws/install/rat_roulette_pkg/share/rat_roulette_pkg/hook/pythonpath.sh'
[7.946s] Level 1:colcon.colcon_core.environment:checking '/home/ubuntu/rat-roulette/ros2_ws/install/rat_roulette_pkg/bin'
[7.947s] Level 1:colcon.colcon_core.environment:create_environment_scripts_only(rat_roulette_pkg)
[7.955s] INFO:colcon.colcon_core.shell:Creating package script '/home/ubuntu/rat-roulette/ros2_ws/install/rat_roulette_pkg/share/rat_roulette_pkg/package.ps1'
[7.959s] INFO:colcon.colcon_core.shell:Creating package descriptor '/home/ubuntu/rat-roulette/ros2_ws/install/rat_roulette_pkg/share/rat_roulette_pkg/package.dsv'
[7.962s] INFO:colcon.colcon_core.shell:Creating package script '/home/ubuntu/rat-roulette/ros2_ws/install/rat_roulette_pkg/share/rat_roulette_pkg/package.sh'
[7.966s] INFO:colcon.colcon_core.shell:Creating package script '/home/ubuntu/rat-roulette/ros2_ws/install/rat_roulette_pkg/share/rat_roulette_pkg/package.bash'
[7.970s] INFO:colcon.colcon_core.shell:Creating package script '/home/ubuntu/rat-roulette/ros2_ws/install/rat_roulette_pkg/share/rat_roulette_pkg/package.zsh'
[7.974s] Level 1:colcon.colcon_core.environment:create_file_with_runtime_dependencies(/home/ubuntu/rat-roulette/ros2_ws/install/rat_roulette_pkg/share/colcon-core/packages/rat_roulette_pkg)
[7.979s] DEBUG:colcon.colcon_parallel_executor.executor.parallel:closing loop
[7.980s] DEBUG:colcon.colcon_parallel_executor.executor.parallel:loop closed
[7.981s] DEBUG:colcon.colcon_parallel_executor.executor.parallel:run_until_complete finished with '0'
[7.981s] DEBUG:colcon.colcon_core.event_reactor:joining thread
[8.006s] INFO:colcon.colcon_core.plugin_system:Skipping extension 'colcon_notification.desktop_notification.notify_send': Could not find 'notify-send'
[8.006s] INFO:colcon.colcon_core.plugin_system:Skipping extension 'colcon_notification.desktop_notification.terminal_notifier': Not used on non-Darwin systems
[8.007s] INFO:colcon.colcon_core.plugin_system:Skipping extension 'colcon_notification.desktop_notification.win32': Not used on non-Windows systems
[8.007s] INFO:colcon.colcon_notification.desktop_notification:Sending desktop notification using 'notify2'
[8.010s] DEBUG:colcon.colcon_notification.desktop_notification.notify2:Failed to initialize notify2: org.freedesktop.DBus.Error.ServiceUnknown: The name org.freedesktop.Notifications was not provided by any .service files
[8.013s] DEBUG:colcon.colcon_core.event_reactor:joined thread
[8.018s] INFO:colcon.colcon_core.shell:Creating prefix script '/home/ubuntu/rat-roulette/ros2_ws/install/local_setup.ps1'
[8.023s] INFO:colcon.colcon_core.shell:Creating prefix util module '/home/ubuntu/rat-roulette/ros2_ws/install/_local_setup_util_ps1.py'
[8.029s] INFO:colcon.colcon_core.shell:Creating prefix chain script '/home/ubuntu/rat-roulette/ros2_ws/install/setup.ps1'
[8.035s] INFO:colcon.colcon_core.shell:Creating prefix script '/home/ubuntu/rat-roulette/ros2_ws/install/local_setup.sh'
[8.038s] INFO:colcon.colcon_core.shell:Creating prefix util module '/home/ubuntu/rat-roulette/ros2_ws/install/_local_setup_util_sh.py'
[8.041s] INFO:colcon.colcon_core.shell:Creating prefix chain script '/home/ubuntu/rat-roulette/ros2_ws/install/setup.sh'
[8.049s] INFO:colcon.colcon_core.shell:Creating prefix script '/home/ubuntu/rat-roulette/ros2_ws/install/local_setup.bash'
[8.052s] INFO:colcon.colcon_core.shell:Creating prefix chain script '/home/ubuntu/rat-roulette/ros2_ws/install/setup.bash'
[8.060s] INFO:colcon.colcon_core.shell:Creating prefix script '/home/ubuntu/rat-roulette/ros2_ws/install/local_setup.zsh'
[8.062s] INFO:colcon.colcon_core.shell:Creating prefix chain script '/home/ubuntu/rat-roulette/ros2_ws/install/setup.zsh'
