[0.477s] DEBUG:colcon:Command line arguments: ['/usr/bin/colcon', 'build']
[0.478s] DEBUG:colcon:Parsed command line arguments: Namespace(log_base=None, log_level=None, verb_name='build', build_base='build', install_base='install', merge_install=False, symlink_install=False, test_result_base=None, continue_on_error=False, executor='parallel', parallel_workers=4, event_handlers=None, ignore_user_meta=False, metas=['./colcon.meta'], base_paths=['.'], packages_ignore=None, packages_ignore_regex=None, paths=None, packages_up_to=None, packages_up_to_regex=None, packages_above=None, packages_above_and_dependencies=None, packages_above_depth=None, packages_select_by_dep=None, packages_skip_by_dep=None, packages_skip_up_to=None, packages_select_build_failed=False, packages_skip_build_finished=False, packages_select_test_failures=False, packages_skip_test_passed=False, packages_select=None, packages_skip=None, packages_select_regex=None, packages_skip_regex=None, packages_start=None, packages_end=None, allow_overriding=[], cmake_args=None, cmake_target=None, cmake_target_skip_unavailable=False, cmake_clean_cache=False, cmake_clean_first=False, cmake_force_configure=False, ament_cmake_args=None, catkin_cmake_args=None, catkin_skip_building_tests=False, mixin_files=None, mixin=None, verb_parser=<colcon_mixin.mixin.mixin_argument.MixinArgumentDecorator object at 0xffff9ecbd240>, verb_extension=<colcon_core.verb.build.BuildVerb object at 0xffff9ecbc7c0>, main=<bound method BuildVerb.main of <colcon_core.verb.build.BuildVerb object at 0xffff9ecbc7c0>>, mixin_verb=('build',))
[1.398s] Level 1:colcon.colcon_core.package_discovery:discover_packages(colcon_meta) check parameters
[1.399s] Level 1:colcon.colcon_core.package_discovery:discover_packages(recursive) check parameters
[1.399s] Level 1:colcon.colcon_core.package_discovery:discover_packages(ignore) check parameters
[1.399s] Level 1:colcon.colcon_core.package_discovery:discover_packages(path) check parameters
[1.399s] Level 1:colcon.colcon_core.package_discovery:discover_packages(colcon_meta) discover
[1.399s] Level 1:colcon.colcon_core.package_discovery:discover_packages(recursive) discover
[1.400s] INFO:colcon.colcon_core.package_discovery:Crawling recursively for packages in '/home/ubuntu/final-turtwig/ros2_ws'
[1.400s] Level 1:colcon.colcon_core.package_identification:_identify(.) by extensions ['ignore', 'ignore_ament_install']
[1.400s] Level 1:colcon.colcon_core.package_identification:_identify(.) by extension 'ignore'
[1.401s] Level 1:colcon.colcon_core.package_identification:_identify(.) by extension 'ignore_ament_install'
[1.401s] Level 1:colcon.colcon_core.package_identification:_identify(.) by extensions ['colcon_pkg']
[1.401s] Level 1:colcon.colcon_core.package_identification:_identify(.) by extension 'colcon_pkg'
[1.401s] Level 1:colcon.colcon_core.package_identification:_identify(.) by extensions ['colcon_meta']
[1.401s] Level 1:colcon.colcon_core.package_identification:_identify(.) by extension 'colcon_meta'
[1.401s] Level 1:colcon.colcon_core.package_identification:_identify(.) by extensions ['ros']
[1.402s] Level 1:colcon.colcon_core.package_identification:_identify(.) by extension 'ros'
[1.447s] Level 1:colcon.colcon_core.package_identification:_identify(.) by extensions ['cmake', 'python']
[1.447s] Level 1:colcon.colcon_core.package_identification:_identify(.) by extension 'cmake'
[1.448s] Level 1:colcon.colcon_core.package_identification:_identify(.) by extension 'python'
[1.448s] Level 1:colcon.colcon_core.package_identification:_identify(.) by extensions ['python_setup_py']
[1.448s] Level 1:colcon.colcon_core.package_identification:_identify(.) by extension 'python_setup_py'
[1.448s] Level 1:colcon.colcon_core.package_identification:_identify(build) by extensions ['ignore', 'ignore_ament_install']
[1.449s] Level 1:colcon.colcon_core.package_identification:_identify(build) by extension 'ignore'
[1.449s] Level 1:colcon.colcon_core.package_identification:_identify(build) ignored
[1.450s] Level 1:colcon.colcon_core.package_identification:_identify(install) by extensions ['ignore', 'ignore_ament_install']
[1.450s] Level 1:colcon.colcon_core.package_identification:_identify(install) by extension 'ignore'
[1.450s] Level 1:colcon.colcon_core.package_identification:_identify(install) ignored
[1.451s] Level 1:colcon.colcon_core.package_identification:_identify(log) by extensions ['ignore', 'ignore_ament_install']
[1.451s] Level 1:colcon.colcon_core.package_identification:_identify(log) by extension 'ignore'
[1.451s] Level 1:colcon.colcon_core.package_identification:_identify(log) ignored
[1.452s] Level 1:colcon.colcon_core.package_identification:_identify(src) by extensions ['ignore', 'ignore_ament_install']
[1.452s] Level 1:colcon.colcon_core.package_identification:_identify(src) by extension 'ignore'
[1.452s] Level 1:colcon.colcon_core.package_identification:_identify(src) by extension 'ignore_ament_install'
[1.452s] Level 1:colcon.colcon_core.package_identification:_identify(src) by extensions ['colcon_pkg']
[1.452s] Level 1:colcon.colcon_core.package_identification:_identify(src) by extension 'colcon_pkg'
[1.453s] Level 1:colcon.colcon_core.package_identification:_identify(src) by extensions ['colcon_meta']
[1.453s] Level 1:colcon.colcon_core.package_identification:_identify(src) by extension 'colcon_meta'
[1.453s] Level 1:colcon.colcon_core.package_identification:_identify(src) by extensions ['ros']
[1.453s] Level 1:colcon.colcon_core.package_identification:_identify(src) by extension 'ros'
[1.453s] Level 1:colcon.colcon_core.package_identification:_identify(src) by extensions ['cmake', 'python']
[1.453s] Level 1:colcon.colcon_core.package_identification:_identify(src) by extension 'cmake'
[1.454s] Level 1:colcon.colcon_core.package_identification:_identify(src) by extension 'python'
[1.454s] Level 1:colcon.colcon_core.package_identification:_identify(src) by extensions ['python_setup_py']
[1.454s] Level 1:colcon.colcon_core.package_identification:_identify(src) by extension 'python_setup_py'
[1.455s] Level 1:colcon.colcon_core.package_identification:_identify(src/rat_roulette_pkg) by extensions ['ignore', 'ignore_ament_install']
[1.455s] Level 1:colcon.colcon_core.package_identification:_identify(src/rat_roulette_pkg) by extension 'ignore'
[1.455s] Level 1:colcon.colcon_core.package_identification:_identify(src/rat_roulette_pkg) by extension 'ignore_ament_install'
[1.455s] Level 1:colcon.colcon_core.package_identification:_identify(src/rat_roulette_pkg) by extensions ['colcon_pkg']
[1.456s] Level 1:colcon.colcon_core.package_identification:_identify(src/rat_roulette_pkg) by extension 'colcon_pkg'
[1.456s] Level 1:colcon.colcon_core.package_identification:_identify(src/rat_roulette_pkg) by extensions ['colcon_meta']
[1.456s] Level 1:colcon.colcon_core.package_identification:_identify(src/rat_roulette_pkg) by extension 'colcon_meta'
[1.456s] Level 1:colcon.colcon_core.package_identification:_identify(src/rat_roulette_pkg) by extensions ['ros']
[1.456s] Level 1:colcon.colcon_core.package_identification:_identify(src/rat_roulette_pkg) by extension 'ros'
[1.468s] DEBUG:colcon.colcon_core.package_identification:Package 'src/rat_roulette_pkg' with type 'ros.ament_python' and name 'rat_roulette_pkg'
[1.468s] Level 1:colcon.colcon_core.package_discovery:discover_packages(recursive) using defaults
[1.468s] Level 1:colcon.colcon_core.package_discovery:discover_packages(ignore) discover
[1.468s] Level 1:colcon.colcon_core.package_discovery:discover_packages(ignore) using defaults
[1.468s] Level 1:colcon.colcon_core.package_discovery:discover_packages(path) discover
[1.468s] Level 1:colcon.colcon_core.package_discovery:discover_packages(path) using defaults
[1.588s] Level 1:colcon.colcon_core.package_discovery:discover_packages(prefix_path) check parameters
[1.588s] Level 1:colcon.colcon_core.package_discovery:discover_packages(prefix_path) discover
[1.604s] DEBUG:colcon.colcon_installed_package_information.package_discovery:Found 335 installed packages in /opt/ros/humble
[1.612s] Level 1:colcon.colcon_core.package_discovery:discover_packages(prefix_path) using defaults
[1.802s] Level 5:colcon.colcon_core.verb:set package 'rat_roulette_pkg' build argument 'cmake_args' from command line to 'None'
[1.802s] Level 5:colcon.colcon_core.verb:set package 'rat_roulette_pkg' build argument 'cmake_target' from command line to 'None'
[1.802s] Level 5:colcon.colcon_core.verb:set package 'rat_roulette_pkg' build argument 'cmake_target_skip_unavailable' from command line to 'False'
[1.802s] Level 5:colcon.colcon_core.verb:set package 'rat_roulette_pkg' build argument 'cmake_clean_cache' from command line to 'False'
[1.802s] Level 5:colcon.colcon_core.verb:set package 'rat_roulette_pkg' build argument 'cmake_clean_first' from command line to 'False'
[1.802s] Level 5:colcon.colcon_core.verb:set package 'rat_roulette_pkg' build argument 'cmake_force_configure' from command line to 'False'
[1.802s] Level 5:colcon.colcon_core.verb:set package 'rat_roulette_pkg' build argument 'ament_cmake_args' from command line to 'None'
[1.803s] Level 5:colcon.colcon_core.verb:set package 'rat_roulette_pkg' build argument 'catkin_cmake_args' from command line to 'None'
[1.803s] Level 5:colcon.colcon_core.verb:set package 'rat_roulette_pkg' build argument 'catkin_skip_building_tests' from command line to 'False'
[1.803s] DEBUG:colcon.colcon_core.verb:Building package 'rat_roulette_pkg' with the following arguments: {'ament_cmake_args': None, 'build_base': '/home/ubuntu/final-turtwig/ros2_ws/build/rat_roulette_pkg', 'catkin_cmake_args': None, 'catkin_skip_building_tests': False, 'cmake_args': None, 'cmake_clean_cache': False, 'cmake_clean_first': False, 'cmake_force_configure': False, 'cmake_target': None, 'cmake_target_skip_unavailable': False, 'install_base': '/home/ubuntu/final-turtwig/ros2_ws/install/rat_roulette_pkg', 'merge_install': False, 'path': '/home/ubuntu/final-turtwig/ros2_ws/src/rat_roulette_pkg', 'symlink_install': False, 'test_result_base': None}
[1.803s] INFO:colcon.colcon_core.executor:Executing jobs using 'parallel' executor
[1.807s] DEBUG:colcon.colcon_parallel_executor.executor.parallel:run_until_complete
[1.808s] INFO:colcon.colcon_ros.task.ament_python.build:Building ROS package in '/home/ubuntu/final-turtwig/ros2_ws/src/rat_roulette_pkg' with build type 'ament_python'
[1.809s] Level 1:colcon.colcon_core.shell:create_environment_hook('rat_roulette_pkg', 'ament_prefix_path')
[1.818s] INFO:colcon.colcon_core.plugin_system:Skipping extension 'colcon_core.shell.bat': Not used on non-Windows systems
[1.820s] INFO:colcon.colcon_core.shell:Creating environment hook '/home/ubuntu/final-turtwig/ros2_ws/install/rat_roulette_pkg/share/rat_roulette_pkg/hook/ament_prefix_path.ps1'
[1.824s] INFO:colcon.colcon_core.shell:Creating environment descriptor '/home/ubuntu/final-turtwig/ros2_ws/install/rat_roulette_pkg/share/rat_roulette_pkg/hook/ament_prefix_path.dsv'
[1.827s] INFO:colcon.colcon_core.shell:Creating environment hook '/home/ubuntu/final-turtwig/ros2_ws/install/rat_roulette_pkg/share/rat_roulette_pkg/hook/ament_prefix_path.sh'
[1.831s] INFO:colcon.colcon_core.shell:Skip shell extension 'powershell' for command environment: Not usable outside of PowerShell
[1.832s] DEBUG:colcon.colcon_core.shell:Skip shell extension 'dsv' for command environment
[3.124s] INFO:colcon.colcon_core.task.python.build:Building Python package in '/home/ubuntu/final-turtwig/ros2_ws/src/rat_roulette_pkg'
[3.125s] INFO:colcon.colcon_core.shell:Skip shell extension 'powershell' for command environment: Not usable outside of PowerShell
[3.125s] DEBUG:colcon.colcon_core.shell:Skip shell extension 'dsv' for command environment
[4.872s] DEBUG:colcon.colcon_core.event_handler.log_command:Invoking command in '/home/ubuntu/final-turtwig/ros2_ws/src/rat_roulette_pkg': PYTHONPATH=/home/ubuntu/final-turtwig/ros2_ws/build/rat_roulette_pkg/prefix_override:/usr/lib/python3/dist-packages/colcon_core/task/python/colcon_distutils_commands:/home/ubuntu/final-turtwig/ros2_ws/install/rat_roulette_pkg/lib/python3.10/site-packages:${PYTHONPATH} /usr/bin/python3 -W ignore:setup.py install is deprecated setup.py egg_info --egg-base ../../build/rat_roulette_pkg build --build-base /home/ubuntu/final-turtwig/ros2_ws/build/rat_roulette_pkg/build install --record /home/ubuntu/final-turtwig/ros2_ws/build/rat_roulette_pkg/install.log --single-version-externally-managed install_data
[6.304s] DEBUG:colcon.colcon_core.event_handler.log_command:Invoked command in '/home/ubuntu/final-turtwig/ros2_ws/src/rat_roulette_pkg' returned '0': PYTHONPATH=/home/ubuntu/final-turtwig/ros2_ws/build/rat_roulette_pkg/prefix_override:/usr/lib/python3/dist-packages/colcon_core/task/python/colcon_distutils_commands:/home/ubuntu/final-turtwig/ros2_ws/install/rat_roulette_pkg/lib/python3.10/site-packages:${PYTHONPATH} /usr/bin/python3 -W ignore:setup.py install is deprecated setup.py egg_info --egg-base ../../build/rat_roulette_pkg build --build-base /home/ubuntu/final-turtwig/ros2_ws/build/rat_roulette_pkg/build install --record /home/ubuntu/final-turtwig/ros2_ws/build/rat_roulette_pkg/install.log --single-version-externally-managed install_data
[6.314s] Level 1:colcon.colcon_core.environment:checking '/home/ubuntu/final-turtwig/ros2_ws/install/rat_roulette_pkg' for CMake module files
[6.316s] Level 1:colcon.colcon_core.environment:checking '/home/ubuntu/final-turtwig/ros2_ws/install/rat_roulette_pkg' for CMake config files
[6.321s] Level 1:colcon.colcon_core.environment:checking '/home/ubuntu/final-turtwig/ros2_ws/install/rat_roulette_pkg/lib'
[6.321s] Level 1:colcon.colcon_core.environment:checking '/home/ubuntu/final-turtwig/ros2_ws/install/rat_roulette_pkg/bin'
[6.322s] Level 1:colcon.colcon_core.environment:checking '/home/ubuntu/final-turtwig/ros2_ws/install/rat_roulette_pkg/lib/pkgconfig/rat_roulette_pkg.pc'
[6.323s] Level 1:colcon.colcon_core.environment:checking '/home/ubuntu/final-turtwig/ros2_ws/install/rat_roulette_pkg/lib/python3.10/site-packages'
[6.323s] Level 1:colcon.colcon_core.shell:create_environment_hook('rat_roulette_pkg', 'pythonpath')
[6.324s] INFO:colcon.colcon_core.shell:Creating environment hook '/home/ubuntu/final-turtwig/ros2_ws/install/rat_roulette_pkg/share/rat_roulette_pkg/hook/pythonpath.ps1'
[6.326s] INFO:colcon.colcon_core.shell:Creating environment descriptor '/home/ubuntu/final-turtwig/ros2_ws/install/rat_roulette_pkg/share/rat_roulette_pkg/hook/pythonpath.dsv'
[6.328s] INFO:colcon.colcon_core.shell:Creating environment hook '/home/ubuntu/final-turtwig/ros2_ws/install/rat_roulette_pkg/share/rat_roulette_pkg/hook/pythonpath.sh'
[6.331s] Level 1:colcon.colcon_core.environment:checking '/home/ubuntu/final-turtwig/ros2_ws/install/rat_roulette_pkg/bin'
[6.331s] Level 1:colcon.colcon_core.environment:create_environment_scripts_only(rat_roulette_pkg)
[6.332s] INFO:colcon.colcon_core.shell:Creating package script '/home/ubuntu/final-turtwig/ros2_ws/install/rat_roulette_pkg/share/rat_roulette_pkg/package.ps1'
[6.336s] INFO:colcon.colcon_core.shell:Creating package descriptor '/home/ubuntu/final-turtwig/ros2_ws/install/rat_roulette_pkg/share/rat_roulette_pkg/package.dsv'
[6.339s] INFO:colcon.colcon_core.shell:Creating package script '/home/ubuntu/final-turtwig/ros2_ws/install/rat_roulette_pkg/share/rat_roulette_pkg/package.sh'
[6.343s] INFO:colcon.colcon_core.shell:Creating package script '/home/ubuntu/final-turtwig/ros2_ws/install/rat_roulette_pkg/share/rat_roulette_pkg/package.bash'
[6.346s] INFO:colcon.colcon_core.shell:Creating package script '/home/ubuntu/final-turtwig/ros2_ws/install/rat_roulette_pkg/share/rat_roulette_pkg/package.zsh'
[6.349s] Level 1:colcon.colcon_core.environment:create_file_with_runtime_dependencies(/home/ubuntu/final-turtwig/ros2_ws/install/rat_roulette_pkg/share/colcon-core/packages/rat_roulette_pkg)
[6.351s] DEBUG:colcon.colcon_parallel_executor.executor.parallel:closing loop
[6.352s] DEBUG:colcon.colcon_parallel_executor.executor.parallel:loop closed
[6.353s] DEBUG:colcon.colcon_parallel_executor.executor.parallel:run_until_complete finished with '0'
[6.353s] DEBUG:colcon.colcon_core.event_reactor:joining thread
[6.373s] INFO:colcon.colcon_core.plugin_system:Skipping extension 'colcon_notification.desktop_notification.notify_send': Could not find 'notify-send'
[6.374s] INFO:colcon.colcon_core.plugin_system:Skipping extension 'colcon_notification.desktop_notification.terminal_notifier': Not used on non-Darwin systems
[6.374s] INFO:colcon.colcon_core.plugin_system:Skipping extension 'colcon_notification.desktop_notification.win32': Not used on non-Windows systems
[6.375s] INFO:colcon.colcon_notification.desktop_notification:Sending desktop notification using 'notify2'
[6.377s] DEBUG:colcon.colcon_notification.desktop_notification.notify2:Failed to initialize notify2: org.freedesktop.DBus.Error.ServiceUnknown: The name org.freedesktop.Notifications was not provided by any .service files
[6.378s] DEBUG:colcon.colcon_core.event_reactor:joined thread
[6.379s] INFO:colcon.colcon_core.shell:Creating prefix script '/home/ubuntu/final-turtwig/ros2_ws/install/local_setup.ps1'
[6.383s] INFO:colcon.colcon_core.shell:Creating prefix util module '/home/ubuntu/final-turtwig/ros2_ws/install/_local_setup_util_ps1.py'
[6.390s] INFO:colcon.colcon_core.shell:Creating prefix chain script '/home/ubuntu/final-turtwig/ros2_ws/install/setup.ps1'
[6.395s] INFO:colcon.colcon_core.shell:Creating prefix script '/home/ubuntu/final-turtwig/ros2_ws/install/local_setup.sh'
[6.398s] INFO:colcon.colcon_core.shell:Creating prefix util module '/home/ubuntu/final-turtwig/ros2_ws/install/_local_setup_util_sh.py'
[6.401s] INFO:colcon.colcon_core.shell:Creating prefix chain script '/home/ubuntu/final-turtwig/ros2_ws/install/setup.sh'
[6.405s] INFO:colcon.colcon_core.shell:Creating prefix script '/home/ubuntu/final-turtwig/ros2_ws/install/local_setup.bash'
[6.407s] INFO:colcon.colcon_core.shell:Creating prefix chain script '/home/ubuntu/final-turtwig/ros2_ws/install/setup.bash'
[6.411s] INFO:colcon.colcon_core.shell:Creating prefix script '/home/ubuntu/final-turtwig/ros2_ws/install/local_setup.zsh'
[6.413s] INFO:colcon.colcon_core.shell:Creating prefix chain script '/home/ubuntu/final-turtwig/ros2_ws/install/setup.zsh'
