[1.761s] DEBUG:colcon:Command line arguments: ['/usr/bin/colcon', 'build']
[1.761s] DEBUG:colcon:Parsed command line arguments: Namespace(log_base=None, log_level=None, verb_name='build', build_base='build', install_base='install', merge_install=False, symlink_install=False, test_result_base=None, continue_on_error=False, executor='parallel', parallel_workers=4, event_handlers=None, ignore_user_meta=False, metas=['./colcon.meta'], base_paths=['.'], packages_ignore=None, packages_ignore_regex=None, paths=None, packages_up_to=None, packages_up_to_regex=None, packages_above=None, packages_above_and_dependencies=None, packages_above_depth=None, packages_select_by_dep=None, packages_skip_by_dep=None, packages_skip_up_to=None, packages_select_build_failed=False, packages_skip_build_finished=False, packages_select_test_failures=False, packages_skip_test_passed=False, packages_select=None, packages_skip=None, packages_select_regex=None, packages_skip_regex=None, packages_start=None, packages_end=None, allow_overriding=[], cmake_args=None, cmake_target=None, cmake_target_skip_unavailable=False, cmake_clean_cache=False, cmake_clean_first=False, cmake_force_configure=False, ament_cmake_args=None, catkin_cmake_args=None, catkin_skip_building_tests=False, verb_parser=<colcon_defaults.argument_parser.defaults.DefaultArgumentsDecorator object at 0xffff9fa52590>, verb_extension=<colcon_core.verb.build.BuildVerb object at 0xffff9fa52020>, main=<bound method BuildVerb.main of <colcon_core.verb.build.BuildVerb object at 0xffff9fa52020>>)
[1.882s] Level 1:colcon.colcon_core.package_discovery:discover_packages(colcon_meta) check parameters
[1.883s] Level 1:colcon.colcon_core.package_discovery:discover_packages(recursive) check parameters
[1.883s] Level 1:colcon.colcon_core.package_discovery:discover_packages(ignore) check parameters
[1.883s] Level 1:colcon.colcon_core.package_discovery:discover_packages(path) check parameters
[1.883s] Level 1:colcon.colcon_core.package_discovery:discover_packages(colcon_meta) discover
[1.884s] Level 1:colcon.colcon_core.package_discovery:discover_packages(recursive) discover
[1.884s] INFO:colcon.colcon_core.package_discovery:Crawling recursively for packages in '/home/ubuntu/rat-roulette/ros2_ws'
[1.884s] Level 1:colcon.colcon_core.package_identification:_identify(.) by extensions ['ignore', 'ignore_ament_install']
[1.885s] Level 1:colcon.colcon_core.package_identification:_identify(.) by extension 'ignore'
[1.885s] Level 1:colcon.colcon_core.package_identification:_identify(.) by extension 'ignore_ament_install'
[1.886s] Level 1:colcon.colcon_core.package_identification:_identify(.) by extensions ['colcon_pkg']
[1.886s] Level 1:colcon.colcon_core.package_identification:_identify(.) by extension 'colcon_pkg'
[1.886s] Level 1:colcon.colcon_core.package_identification:_identify(.) by extensions ['colcon_meta']
[1.887s] Level 1:colcon.colcon_core.package_identification:_identify(.) by extension 'colcon_meta'
[1.887s] Level 1:colcon.colcon_core.package_identification:_identify(.) by extensions ['ros']
[1.887s] Level 1:colcon.colcon_core.package_identification:_identify(.) by extension 'ros'
[1.938s] Level 1:colcon.colcon_core.package_identification:_identify(.) by extensions ['cmake', 'python']
[1.938s] Level 1:colcon.colcon_core.package_identification:_identify(.) by extension 'cmake'
[1.938s] Level 1:colcon.colcon_core.package_identification:_identify(.) by extension 'python'
[1.939s] Level 1:colcon.colcon_core.package_identification:_identify(.) by extensions ['python_setup_py']
[1.939s] Level 1:colcon.colcon_core.package_identification:_identify(.) by extension 'python_setup_py'
[1.940s] Level 1:colcon.colcon_core.package_identification:_identify(build) by extensions ['ignore', 'ignore_ament_install']
[1.940s] Level 1:colcon.colcon_core.package_identification:_identify(build) by extension 'ignore'
[1.940s] Level 1:colcon.colcon_core.package_identification:_identify(build) ignored
[1.941s] Level 1:colcon.colcon_core.package_identification:_identify(install) by extensions ['ignore', 'ignore_ament_install']
[1.941s] Level 1:colcon.colcon_core.package_identification:_identify(install) by extension 'ignore'
[1.942s] Level 1:colcon.colcon_core.package_identification:_identify(install) ignored
[1.943s] Level 1:colcon.colcon_core.package_identification:_identify(log) by extensions ['ignore', 'ignore_ament_install']
[1.943s] Level 1:colcon.colcon_core.package_identification:_identify(log) by extension 'ignore'
[1.943s] Level 1:colcon.colcon_core.package_identification:_identify(log) ignored
[1.944s] Level 1:colcon.colcon_core.package_identification:_identify(src) by extensions ['ignore', 'ignore_ament_install']
[1.944s] Level 1:colcon.colcon_core.package_identification:_identify(src) by extension 'ignore'
[1.945s] Level 1:colcon.colcon_core.package_identification:_identify(src) by extension 'ignore_ament_install'
[1.945s] Level 1:colcon.colcon_core.package_identification:_identify(src) by extensions ['colcon_pkg']
[1.945s] Level 1:colcon.colcon_core.package_identification:_identify(src) by extension 'colcon_pkg'
[1.946s] Level 1:colcon.colcon_core.package_identification:_identify(src) by extensions ['colcon_meta']
[1.946s] Level 1:colcon.colcon_core.package_identification:_identify(src) by extension 'colcon_meta'
[1.947s] Level 1:colcon.colcon_core.package_identification:_identify(src) by extensions ['ros']
[1.947s] Level 1:colcon.colcon_core.package_identification:_identify(src) by extension 'ros'
[1.947s] Level 1:colcon.colcon_core.package_identification:_identify(src) by extensions ['cmake', 'python']
[1.948s] Level 1:colcon.colcon_core.package_identification:_identify(src) by extension 'cmake'
[1.948s] Level 1:colcon.colcon_core.package_identification:_identify(src) by extension 'python'
[1.948s] Level 1:colcon.colcon_core.package_identification:_identify(src) by extensions ['python_setup_py']
[1.948s] Level 1:colcon.colcon_core.package_identification:_identify(src) by extension 'python_setup_py'
[1.949s] Level 1:colcon.colcon_core.package_identification:_identify(src/rat_roulette_pkg) by extensions ['ignore', 'ignore_ament_install']
[1.949s] Level 1:colcon.colcon_core.package_identification:_identify(src/rat_roulette_pkg) by extension 'ignore'
[1.949s] Level 1:colcon.colcon_core.package_identification:_identify(src/rat_roulette_pkg) by extension 'ignore_ament_install'
[1.950s] Level 1:colcon.colcon_core.package_identification:_identify(src/rat_roulette_pkg) by extensions ['colcon_pkg']
[1.950s] Level 1:colcon.colcon_core.package_identification:_identify(src/rat_roulette_pkg) by extension 'colcon_pkg'
[1.950s] Level 1:colcon.colcon_core.package_identification:_identify(src/rat_roulette_pkg) by extensions ['colcon_meta']
[1.950s] Level 1:colcon.colcon_core.package_identification:_identify(src/rat_roulette_pkg) by extension 'colcon_meta'
[1.951s] Level 1:colcon.colcon_core.package_identification:_identify(src/rat_roulette_pkg) by extensions ['ros']
[1.951s] Level 1:colcon.colcon_core.package_identification:_identify(src/rat_roulette_pkg) by extension 'ros'
[1.963s] DEBUG:colcon.colcon_core.package_identification:Package 'src/rat_roulette_pkg' with type 'ros.ament_python' and name 'rat_roulette_pkg'
[1.963s] Level 1:colcon.colcon_core.package_discovery:discover_packages(recursive) using defaults
[1.964s] Level 1:colcon.colcon_core.package_discovery:discover_packages(ignore) discover
[1.964s] Level 1:colcon.colcon_core.package_discovery:discover_packages(ignore) using defaults
[1.964s] Level 1:colcon.colcon_core.package_discovery:discover_packages(path) discover
[1.964s] Level 1:colcon.colcon_core.package_discovery:discover_packages(path) using defaults
[2.071s] Level 1:colcon.colcon_core.package_discovery:discover_packages(prefix_path) check parameters
[2.072s] Level 1:colcon.colcon_core.package_discovery:discover_packages(prefix_path) discover
[2.085s] DEBUG:colcon.colcon_installed_package_information.package_discovery:Found 1 installed packages in /home/ubuntu/rat-roulette/ros2_ws/install
[2.098s] DEBUG:colcon.colcon_installed_package_information.package_discovery:Found 330 installed packages in /opt/ros/humble
[2.107s] Level 1:colcon.colcon_core.package_discovery:discover_packages(prefix_path) using defaults
[2.417s] Level 5:colcon.colcon_core.verb:set package 'rat_roulette_pkg' build argument 'cmake_args' from command line to 'None'
[2.418s] Level 5:colcon.colcon_core.verb:set package 'rat_roulette_pkg' build argument 'cmake_target' from command line to 'None'
[2.418s] Level 5:colcon.colcon_core.verb:set package 'rat_roulette_pkg' build argument 'cmake_target_skip_unavailable' from command line to 'False'
[2.418s] Level 5:colcon.colcon_core.verb:set package 'rat_roulette_pkg' build argument 'cmake_clean_cache' from command line to 'False'
[2.418s] Level 5:colcon.colcon_core.verb:set package 'rat_roulette_pkg' build argument 'cmake_clean_first' from command line to 'False'
[2.418s] Level 5:colcon.colcon_core.verb:set package 'rat_roulette_pkg' build argument 'cmake_force_configure' from command line to 'False'
[2.418s] Level 5:colcon.colcon_core.verb:set package 'rat_roulette_pkg' build argument 'ament_cmake_args' from command line to 'None'
[2.419s] Level 5:colcon.colcon_core.verb:set package 'rat_roulette_pkg' build argument 'catkin_cmake_args' from command line to 'None'
[2.419s] Level 5:colcon.colcon_core.verb:set package 'rat_roulette_pkg' build argument 'catkin_skip_building_tests' from command line to 'False'
[2.419s] DEBUG:colcon.colcon_core.verb:Building package 'rat_roulette_pkg' with the following arguments: {'ament_cmake_args': None, 'build_base': '/home/ubuntu/rat-roulette/ros2_ws/build/rat_roulette_pkg', 'catkin_cmake_args': None, 'catkin_skip_building_tests': False, 'cmake_args': None, 'cmake_clean_cache': False, 'cmake_clean_first': False, 'cmake_force_configure': False, 'cmake_target': None, 'cmake_target_skip_unavailable': False, 'install_base': '/home/ubuntu/rat-roulette/ros2_ws/install/rat_roulette_pkg', 'merge_install': False, 'path': '/home/ubuntu/rat-roulette/ros2_ws/src/rat_roulette_pkg', 'symlink_install': False, 'test_result_base': None}
[2.422s] INFO:colcon.colcon_core.executor:Executing jobs using 'parallel' executor
[2.435s] DEBUG:colcon.colcon_parallel_executor.executor.parallel:run_until_complete
[2.436s] INFO:colcon.colcon_ros.task.ament_python.build:Building ROS package in '/home/ubuntu/rat-roulette/ros2_ws/src/rat_roulette_pkg' with build type 'ament_python'
[2.437s] Level 1:colcon.colcon_core.shell:create_environment_hook('rat_roulette_pkg', 'ament_prefix_path')
[2.459s] INFO:colcon.colcon_core.plugin_system:Skipping extension 'colcon_core.shell.bat': Not used on non-Windows systems
[2.460s] INFO:colcon.colcon_core.shell:Creating environment hook '/home/ubuntu/rat-roulette/ros2_ws/install/rat_roulette_pkg/share/rat_roulette_pkg/hook/ament_prefix_path.ps1'
[2.462s] INFO:colcon.colcon_core.shell:Creating environment descriptor '/home/ubuntu/rat-roulette/ros2_ws/install/rat_roulette_pkg/share/rat_roulette_pkg/hook/ament_prefix_path.dsv'
[2.464s] INFO:colcon.colcon_core.shell:Creating environment hook '/home/ubuntu/rat-roulette/ros2_ws/install/rat_roulette_pkg/share/rat_roulette_pkg/hook/ament_prefix_path.sh'
[2.473s] INFO:colcon.colcon_core.shell:Skip shell extension 'powershell' for command environment: Not usable outside of PowerShell
[2.474s] DEBUG:colcon.colcon_core.shell:Skip shell extension 'dsv' for command environment
[3.918s] INFO:colcon.colcon_core.task.python.build:Building Python package in '/home/ubuntu/rat-roulette/ros2_ws/src/rat_roulette_pkg'
[3.923s] INFO:colcon.colcon_core.shell:Skip shell extension 'powershell' for command environment: Not usable outside of PowerShell
[3.924s] DEBUG:colcon.colcon_core.shell:Skip shell extension 'dsv' for command environment
[5.826s] DEBUG:colcon.colcon_core.event_handler.log_command:Invoking command in '/home/ubuntu/rat-roulette/ros2_ws/src/rat_roulette_pkg': PYTHONPATH=/home/ubuntu/rat-roulette/ros2_ws/build/rat_roulette_pkg/prefix_override:/home/ubuntu/rat-roulette/ros2_ws/install/rat_roulette_pkg/lib/python3.10/site-packages:${PYTHONPATH} /usr/bin/python3 setup.py egg_info --egg-base ../../build/rat_roulette_pkg build --build-base /home/ubuntu/rat-roulette/ros2_ws/build/rat_roulette_pkg/build install --record /home/ubuntu/rat-roulette/ros2_ws/build/rat_roulette_pkg/install.log --single-version-externally-managed
[7.443s] DEBUG:colcon.colcon_core.event_handler.log_command:Invoked command in '/home/ubuntu/rat-roulette/ros2_ws/src/rat_roulette_pkg' returned '0': PYTHONPATH=/home/ubuntu/rat-roulette/ros2_ws/build/rat_roulette_pkg/prefix_override:/home/ubuntu/rat-roulette/ros2_ws/install/rat_roulette_pkg/lib/python3.10/site-packages:${PYTHONPATH} /usr/bin/python3 setup.py egg_info --egg-base ../../build/rat_roulette_pkg build --build-base /home/ubuntu/rat-roulette/ros2_ws/build/rat_roulette_pkg/build install --record /home/ubuntu/rat-roulette/ros2_ws/build/rat_roulette_pkg/install.log --single-version-externally-managed
[7.456s] Level 1:colcon.colcon_core.environment:checking '/home/ubuntu/rat-roulette/ros2_ws/install/rat_roulette_pkg' for CMake module files
[7.458s] Level 1:colcon.colcon_core.environment:checking '/home/ubuntu/rat-roulette/ros2_ws/install/rat_roulette_pkg' for CMake config files
[7.463s] Level 1:colcon.colcon_core.environment:checking '/home/ubuntu/rat-roulette/ros2_ws/install/rat_roulette_pkg/lib'
[7.464s] Level 1:colcon.colcon_core.environment:checking '/home/ubuntu/rat-roulette/ros2_ws/install/rat_roulette_pkg/bin'
[7.465s] Level 1:colcon.colcon_core.environment:checking '/home/ubuntu/rat-roulette/ros2_ws/install/rat_roulette_pkg/lib/pkgconfig/rat_roulette_pkg.pc'
[7.466s] Level 1:colcon.colcon_core.environment:checking '/home/ubuntu/rat-roulette/ros2_ws/install/rat_roulette_pkg/lib/python3.10/site-packages'
[7.467s] Level 1:colcon.colcon_core.shell:create_environment_hook('rat_roulette_pkg', 'pythonpath')
[7.472s] INFO:colcon.colcon_core.shell:Creating environment hook '/home/ubuntu/rat-roulette/ros2_ws/install/rat_roulette_pkg/share/rat_roulette_pkg/hook/pythonpath.ps1'
[7.474s] INFO:colcon.colcon_core.shell:Creating environment descriptor '/home/ubuntu/rat-roulette/ros2_ws/install/rat_roulette_pkg/share/rat_roulette_pkg/hook/pythonpath.dsv'
[7.476s] INFO:colcon.colcon_core.shell:Creating environment hook '/home/ubuntu/rat-roulette/ros2_ws/install/rat_roulette_pkg/share/rat_roulette_pkg/hook/pythonpath.sh'
[7.480s] Level 1:colcon.colcon_core.environment:checking '/home/ubuntu/rat-roulette/ros2_ws/install/rat_roulette_pkg/bin'
[7.480s] Level 1:colcon.colcon_core.environment:create_environment_scripts_only(rat_roulette_pkg)
[7.486s] INFO:colcon.colcon_core.shell:Creating package script '/home/ubuntu/rat-roulette/ros2_ws/install/rat_roulette_pkg/share/rat_roulette_pkg/package.ps1'
[7.489s] INFO:colcon.colcon_core.shell:Creating package descriptor '/home/ubuntu/rat-roulette/ros2_ws/install/rat_roulette_pkg/share/rat_roulette_pkg/package.dsv'
[7.492s] INFO:colcon.colcon_core.shell:Creating package script '/home/ubuntu/rat-roulette/ros2_ws/install/rat_roulette_pkg/share/rat_roulette_pkg/package.sh'
[7.497s] INFO:colcon.colcon_core.shell:Creating package script '/home/ubuntu/rat-roulette/ros2_ws/install/rat_roulette_pkg/share/rat_roulette_pkg/package.bash'
[7.500s] INFO:colcon.colcon_core.shell:Creating package script '/home/ubuntu/rat-roulette/ros2_ws/install/rat_roulette_pkg/share/rat_roulette_pkg/package.zsh'
[7.504s] Level 1:colcon.colcon_core.environment:create_file_with_runtime_dependencies(/home/ubuntu/rat-roulette/ros2_ws/install/rat_roulette_pkg/share/colcon-core/packages/rat_roulette_pkg)
[7.505s] DEBUG:colcon.colcon_parallel_executor.executor.parallel:closing loop
[7.507s] DEBUG:colcon.colcon_parallel_executor.executor.parallel:loop closed
[7.507s] DEBUG:colcon.colcon_parallel_executor.executor.parallel:run_until_complete finished with '0'
[7.508s] DEBUG:colcon.colcon_core.event_reactor:joining thread
[7.532s] INFO:colcon.colcon_core.plugin_system:Skipping extension 'colcon_notification.desktop_notification.notify_send': Could not find 'notify-send'
[7.533s] INFO:colcon.colcon_core.plugin_system:Skipping extension 'colcon_notification.desktop_notification.terminal_notifier': Not used on non-Darwin systems
[7.533s] INFO:colcon.colcon_core.plugin_system:Skipping extension 'colcon_notification.desktop_notification.win32': Not used on non-Windows systems
[7.533s] INFO:colcon.colcon_notification.desktop_notification:Sending desktop notification using 'notify2'
[7.536s] DEBUG:colcon.colcon_notification.desktop_notification.notify2:Failed to initialize notify2: org.freedesktop.DBus.Error.ServiceUnknown: The name org.freedesktop.Notifications was not provided by any .service files
[7.537s] DEBUG:colcon.colcon_core.event_reactor:joined thread
[7.542s] INFO:colcon.colcon_core.shell:Creating prefix script '/home/ubuntu/rat-roulette/ros2_ws/install/local_setup.ps1'
[7.546s] INFO:colcon.colcon_core.shell:Creating prefix util module '/home/ubuntu/rat-roulette/ros2_ws/install/_local_setup_util_ps1.py'
[7.552s] INFO:colcon.colcon_core.shell:Creating prefix chain script '/home/ubuntu/rat-roulette/ros2_ws/install/setup.ps1'
[7.558s] INFO:colcon.colcon_core.shell:Creating prefix script '/home/ubuntu/rat-roulette/ros2_ws/install/local_setup.sh'
[7.561s] INFO:colcon.colcon_core.shell:Creating prefix util module '/home/ubuntu/rat-roulette/ros2_ws/install/_local_setup_util_sh.py'
[7.564s] INFO:colcon.colcon_core.shell:Creating prefix chain script '/home/ubuntu/rat-roulette/ros2_ws/install/setup.sh'
[7.570s] INFO:colcon.colcon_core.shell:Creating prefix script '/home/ubuntu/rat-roulette/ros2_ws/install/local_setup.bash'
[7.573s] INFO:colcon.colcon_core.shell:Creating prefix chain script '/home/ubuntu/rat-roulette/ros2_ws/install/setup.bash'
[7.579s] INFO:colcon.colcon_core.shell:Creating prefix script '/home/ubuntu/rat-roulette/ros2_ws/install/local_setup.zsh'
[7.582s] INFO:colcon.colcon_core.shell:Creating prefix chain script '/home/ubuntu/rat-roulette/ros2_ws/install/setup.zsh'
