[2.417s] DEBUG:colcon:Command line arguments: ['/usr/bin/colcon', 'build']
[2.418s] DEBUG:colcon:Parsed command line arguments: Namespace(log_base=None, log_level=None, verb_name='build', build_base='build', install_base='install', merge_install=False, symlink_install=False, test_result_base=None, continue_on_error=False, executor='parallel', parallel_workers=4, event_handlers=None, ignore_user_meta=False, metas=['./colcon.meta'], base_paths=['.'], packages_ignore=None, packages_ignore_regex=None, paths=None, packages_up_to=None, packages_up_to_regex=None, packages_above=None, packages_above_and_dependencies=None, packages_above_depth=None, packages_select_by_dep=None, packages_skip_by_dep=None, packages_skip_up_to=None, packages_select_build_failed=False, packages_skip_build_finished=False, packages_select_test_failures=False, packages_skip_test_passed=False, packages_select=None, packages_skip=None, packages_select_regex=None, packages_skip_regex=None, packages_start=None, packages_end=None, allow_overriding=[], cmake_args=None, cmake_target=None, cmake_target_skip_unavailable=False, cmake_clean_cache=False, cmake_clean_first=False, cmake_force_configure=False, ament_cmake_args=None, catkin_cmake_args=None, catkin_skip_building_tests=False, verb_parser=<colcon_defaults.argument_parser.defaults.DefaultArgumentsDecorator object at 0xffffb08fe9b0>, verb_extension=<colcon_core.verb.build.BuildVerb object at 0xffffb08fe440>, main=<bound method BuildVerb.main of <colcon_core.verb.build.BuildVerb object at 0xffffb08fe440>>)
[2.644s] Level 1:colcon.colcon_core.package_discovery:discover_packages(colcon_meta) check parameters
[2.644s] Level 1:colcon.colcon_core.package_discovery:discover_packages(recursive) check parameters
[2.644s] Level 1:colcon.colcon_core.package_discovery:discover_packages(ignore) check parameters
[2.645s] Level 1:colcon.colcon_core.package_discovery:discover_packages(path) check parameters
[2.645s] Level 1:colcon.colcon_core.package_discovery:discover_packages(colcon_meta) discover
[2.645s] Level 1:colcon.colcon_core.package_discovery:discover_packages(recursive) discover
[2.645s] INFO:colcon.colcon_core.package_discovery:Crawling recursively for packages in '/home/ubuntu/rat-roulette/ros2_ws'
[2.646s] Level 1:colcon.colcon_core.package_identification:_identify(.) by extensions ['ignore', 'ignore_ament_install']
[2.646s] Level 1:colcon.colcon_core.package_identification:_identify(.) by extension 'ignore'
[2.646s] Level 1:colcon.colcon_core.package_identification:_identify(.) by extension 'ignore_ament_install'
[2.646s] Level 1:colcon.colcon_core.package_identification:_identify(.) by extensions ['colcon_pkg']
[2.647s] Level 1:colcon.colcon_core.package_identification:_identify(.) by extension 'colcon_pkg'
[2.647s] Level 1:colcon.colcon_core.package_identification:_identify(.) by extensions ['colcon_meta']
[2.647s] Level 1:colcon.colcon_core.package_identification:_identify(.) by extension 'colcon_meta'
[2.647s] Level 1:colcon.colcon_core.package_identification:_identify(.) by extensions ['ros']
[2.647s] Level 1:colcon.colcon_core.package_identification:_identify(.) by extension 'ros'
[2.725s] Level 1:colcon.colcon_core.package_identification:_identify(.) by extensions ['cmake', 'python']
[2.726s] Level 1:colcon.colcon_core.package_identification:_identify(.) by extension 'cmake'
[2.726s] Level 1:colcon.colcon_core.package_identification:_identify(.) by extension 'python'
[2.726s] Level 1:colcon.colcon_core.package_identification:_identify(.) by extensions ['python_setup_py']
[2.726s] Level 1:colcon.colcon_core.package_identification:_identify(.) by extension 'python_setup_py'
[2.727s] Level 1:colcon.colcon_core.package_identification:_identify(build) by extensions ['ignore', 'ignore_ament_install']
[2.727s] Level 1:colcon.colcon_core.package_identification:_identify(build) by extension 'ignore'
[2.727s] Level 1:colcon.colcon_core.package_identification:_identify(build) ignored
[2.728s] Level 1:colcon.colcon_core.package_identification:_identify(install) by extensions ['ignore', 'ignore_ament_install']
[2.728s] Level 1:colcon.colcon_core.package_identification:_identify(install) by extension 'ignore'
[2.729s] Level 1:colcon.colcon_core.package_identification:_identify(install) ignored
[2.729s] Level 1:colcon.colcon_core.package_identification:_identify(log) by extensions ['ignore', 'ignore_ament_install']
[2.729s] Level 1:colcon.colcon_core.package_identification:_identify(log) by extension 'ignore'
[2.730s] Level 1:colcon.colcon_core.package_identification:_identify(log) ignored
[2.730s] Level 1:colcon.colcon_core.package_identification:_identify(src) by extensions ['ignore', 'ignore_ament_install']
[2.730s] Level 1:colcon.colcon_core.package_identification:_identify(src) by extension 'ignore'
[2.731s] Level 1:colcon.colcon_core.package_identification:_identify(src) by extension 'ignore_ament_install'
[2.731s] Level 1:colcon.colcon_core.package_identification:_identify(src) by extensions ['colcon_pkg']
[2.731s] Level 1:colcon.colcon_core.package_identification:_identify(src) by extension 'colcon_pkg'
[2.732s] Level 1:colcon.colcon_core.package_identification:_identify(src) by extensions ['colcon_meta']
[2.732s] Level 1:colcon.colcon_core.package_identification:_identify(src) by extension 'colcon_meta'
[2.732s] Level 1:colcon.colcon_core.package_identification:_identify(src) by extensions ['ros']
[2.732s] Level 1:colcon.colcon_core.package_identification:_identify(src) by extension 'ros'
[2.733s] Level 1:colcon.colcon_core.package_identification:_identify(src) by extensions ['cmake', 'python']
[2.733s] Level 1:colcon.colcon_core.package_identification:_identify(src) by extension 'cmake'
[2.734s] Level 1:colcon.colcon_core.package_identification:_identify(src) by extension 'python'
[2.734s] Level 1:colcon.colcon_core.package_identification:_identify(src) by extensions ['python_setup_py']
[2.734s] Level 1:colcon.colcon_core.package_identification:_identify(src) by extension 'python_setup_py'
[2.735s] Level 1:colcon.colcon_core.package_identification:_identify(src/rat_roulette_pkg) by extensions ['ignore', 'ignore_ament_install']
[2.735s] Level 1:colcon.colcon_core.package_identification:_identify(src/rat_roulette_pkg) by extension 'ignore'
[2.735s] Level 1:colcon.colcon_core.package_identification:_identify(src/rat_roulette_pkg) by extension 'ignore_ament_install'
[2.736s] Level 1:colcon.colcon_core.package_identification:_identify(src/rat_roulette_pkg) by extensions ['colcon_pkg']
[2.736s] Level 1:colcon.colcon_core.package_identification:_identify(src/rat_roulette_pkg) by extension 'colcon_pkg'
[2.736s] Level 1:colcon.colcon_core.package_identification:_identify(src/rat_roulette_pkg) by extensions ['colcon_meta']
[2.736s] Level 1:colcon.colcon_core.package_identification:_identify(src/rat_roulette_pkg) by extension 'colcon_meta'
[2.736s] Level 1:colcon.colcon_core.package_identification:_identify(src/rat_roulette_pkg) by extensions ['ros']
[2.736s] Level 1:colcon.colcon_core.package_identification:_identify(src/rat_roulette_pkg) by extension 'ros'
[2.757s] DEBUG:colcon.colcon_core.package_identification:Package 'src/rat_roulette_pkg' with type 'ros.ament_python' and name 'rat_roulette_pkg'
[2.757s] Level 1:colcon.colcon_core.package_discovery:discover_packages(recursive) using defaults
[2.757s] Level 1:colcon.colcon_core.package_discovery:discover_packages(ignore) discover
[2.757s] Level 1:colcon.colcon_core.package_discovery:discover_packages(ignore) using defaults
[2.758s] Level 1:colcon.colcon_core.package_discovery:discover_packages(path) discover
[2.758s] Level 1:colcon.colcon_core.package_discovery:discover_packages(path) using defaults
[2.918s] Level 1:colcon.colcon_core.package_discovery:discover_packages(prefix_path) check parameters
[2.919s] Level 1:colcon.colcon_core.package_discovery:discover_packages(prefix_path) discover
[2.949s] DEBUG:colcon.colcon_installed_package_information.package_discovery:Found 330 installed packages in /opt/ros/humble
[2.957s] Level 1:colcon.colcon_core.package_discovery:discover_packages(prefix_path) using defaults
[3.265s] Level 5:colcon.colcon_core.verb:set package 'rat_roulette_pkg' build argument 'cmake_args' from command line to 'None'
[3.266s] Level 5:colcon.colcon_core.verb:set package 'rat_roulette_pkg' build argument 'cmake_target' from command line to 'None'
[3.266s] Level 5:colcon.colcon_core.verb:set package 'rat_roulette_pkg' build argument 'cmake_target_skip_unavailable' from command line to 'False'
[3.266s] Level 5:colcon.colcon_core.verb:set package 'rat_roulette_pkg' build argument 'cmake_clean_cache' from command line to 'False'
[3.266s] Level 5:colcon.colcon_core.verb:set package 'rat_roulette_pkg' build argument 'cmake_clean_first' from command line to 'False'
[3.266s] Level 5:colcon.colcon_core.verb:set package 'rat_roulette_pkg' build argument 'cmake_force_configure' from command line to 'False'
[3.266s] Level 5:colcon.colcon_core.verb:set package 'rat_roulette_pkg' build argument 'ament_cmake_args' from command line to 'None'
[3.266s] Level 5:colcon.colcon_core.verb:set package 'rat_roulette_pkg' build argument 'catkin_cmake_args' from command line to 'None'
[3.266s] Level 5:colcon.colcon_core.verb:set package 'rat_roulette_pkg' build argument 'catkin_skip_building_tests' from command line to 'False'
[3.267s] DEBUG:colcon.colcon_core.verb:Building package 'rat_roulette_pkg' with the following arguments: {'ament_cmake_args': None, 'build_base': '/home/ubuntu/rat-roulette/ros2_ws/build/rat_roulette_pkg', 'catkin_cmake_args': None, 'catkin_skip_building_tests': False, 'cmake_args': None, 'cmake_clean_cache': False, 'cmake_clean_first': False, 'cmake_force_configure': False, 'cmake_target': None, 'cmake_target_skip_unavailable': False, 'install_base': '/home/ubuntu/rat-roulette/ros2_ws/install/rat_roulette_pkg', 'merge_install': False, 'path': '/home/ubuntu/rat-roulette/ros2_ws/src/rat_roulette_pkg', 'symlink_install': False, 'test_result_base': None}
[3.269s] INFO:colcon.colcon_core.executor:Executing jobs using 'parallel' executor
[3.282s] DEBUG:colcon.colcon_parallel_executor.executor.parallel:run_until_complete
[3.283s] INFO:colcon.colcon_ros.task.ament_python.build:Building ROS package in '/home/ubuntu/rat-roulette/ros2_ws/src/rat_roulette_pkg' with build type 'ament_python'
[3.284s] Level 1:colcon.colcon_core.shell:create_environment_hook('rat_roulette_pkg', 'ament_prefix_path')
[3.323s] INFO:colcon.colcon_core.plugin_system:Skipping extension 'colcon_core.shell.bat': Not used on non-Windows systems
[3.324s] INFO:colcon.colcon_core.shell:Creating environment hook '/home/ubuntu/rat-roulette/ros2_ws/install/rat_roulette_pkg/share/rat_roulette_pkg/hook/ament_prefix_path.ps1'
[3.329s] INFO:colcon.colcon_core.shell:Creating environment descriptor '/home/ubuntu/rat-roulette/ros2_ws/install/rat_roulette_pkg/share/rat_roulette_pkg/hook/ament_prefix_path.dsv'
[3.332s] INFO:colcon.colcon_core.shell:Creating environment hook '/home/ubuntu/rat-roulette/ros2_ws/install/rat_roulette_pkg/share/rat_roulette_pkg/hook/ament_prefix_path.sh'
[3.342s] INFO:colcon.colcon_core.shell:Skip shell extension 'powershell' for command environment: Not usable outside of PowerShell
[3.342s] DEBUG:colcon.colcon_core.shell:Skip shell extension 'dsv' for command environment
[4.698s] INFO:colcon.colcon_core.task.python.build:Building Python package in '/home/ubuntu/rat-roulette/ros2_ws/src/rat_roulette_pkg'
[4.704s] INFO:colcon.colcon_core.shell:Skip shell extension 'powershell' for command environment: Not usable outside of PowerShell
[4.704s] DEBUG:colcon.colcon_core.shell:Skip shell extension 'dsv' for command environment
[6.808s] DEBUG:colcon.colcon_core.event_handler.log_command:Invoking command in '/home/ubuntu/rat-roulette/ros2_ws/src/rat_roulette_pkg': PYTHONPATH=/home/ubuntu/rat-roulette/ros2_ws/build/rat_roulette_pkg/prefix_override:/home/ubuntu/rat-roulette/ros2_ws/install/rat_roulette_pkg/lib/python3.10/site-packages:${PYTHONPATH} /usr/bin/python3 setup.py egg_info --egg-base ../../build/rat_roulette_pkg build --build-base /home/ubuntu/rat-roulette/ros2_ws/build/rat_roulette_pkg/build install --record /home/ubuntu/rat-roulette/ros2_ws/build/rat_roulette_pkg/install.log --single-version-externally-managed
[8.319s] DEBUG:colcon.colcon_core.event_handler.log_command:Invoked command in '/home/ubuntu/rat-roulette/ros2_ws/src/rat_roulette_pkg' returned '0': PYTHONPATH=/home/ubuntu/rat-roulette/ros2_ws/build/rat_roulette_pkg/prefix_override:/home/ubuntu/rat-roulette/ros2_ws/install/rat_roulette_pkg/lib/python3.10/site-packages:${PYTHONPATH} /usr/bin/python3 setup.py egg_info --egg-base ../../build/rat_roulette_pkg build --build-base /home/ubuntu/rat-roulette/ros2_ws/build/rat_roulette_pkg/build install --record /home/ubuntu/rat-roulette/ros2_ws/build/rat_roulette_pkg/install.log --single-version-externally-managed
[8.360s] Level 1:colcon.colcon_core.environment:checking '/home/ubuntu/rat-roulette/ros2_ws/install/rat_roulette_pkg' for CMake module files
[8.363s] Level 1:colcon.colcon_core.environment:checking '/home/ubuntu/rat-roulette/ros2_ws/install/rat_roulette_pkg' for CMake config files
[8.368s] Level 1:colcon.colcon_core.environment:checking '/home/ubuntu/rat-roulette/ros2_ws/install/rat_roulette_pkg/lib'
[8.369s] Level 1:colcon.colcon_core.environment:checking '/home/ubuntu/rat-roulette/ros2_ws/install/rat_roulette_pkg/bin'
[8.369s] Level 1:colcon.colcon_core.environment:checking '/home/ubuntu/rat-roulette/ros2_ws/install/rat_roulette_pkg/lib/pkgconfig/rat_roulette_pkg.pc'
[8.370s] Level 1:colcon.colcon_core.environment:checking '/home/ubuntu/rat-roulette/ros2_ws/install/rat_roulette_pkg/lib/python3.10/site-packages'
[8.371s] Level 1:colcon.colcon_core.shell:create_environment_hook('rat_roulette_pkg', 'pythonpath')
[8.376s] INFO:colcon.colcon_core.shell:Creating environment hook '/home/ubuntu/rat-roulette/ros2_ws/install/rat_roulette_pkg/share/rat_roulette_pkg/hook/pythonpath.ps1'
[8.379s] INFO:colcon.colcon_core.shell:Creating environment descriptor '/home/ubuntu/rat-roulette/ros2_ws/install/rat_roulette_pkg/share/rat_roulette_pkg/hook/pythonpath.dsv'
[8.381s] INFO:colcon.colcon_core.shell:Creating environment hook '/home/ubuntu/rat-roulette/ros2_ws/install/rat_roulette_pkg/share/rat_roulette_pkg/hook/pythonpath.sh'
[8.383s] Level 1:colcon.colcon_core.environment:checking '/home/ubuntu/rat-roulette/ros2_ws/install/rat_roulette_pkg/bin'
[8.384s] Level 1:colcon.colcon_core.environment:create_environment_scripts_only(rat_roulette_pkg)
[8.389s] INFO:colcon.colcon_core.shell:Creating package script '/home/ubuntu/rat-roulette/ros2_ws/install/rat_roulette_pkg/share/rat_roulette_pkg/package.ps1'
[8.394s] INFO:colcon.colcon_core.shell:Creating package descriptor '/home/ubuntu/rat-roulette/ros2_ws/install/rat_roulette_pkg/share/rat_roulette_pkg/package.dsv'
[8.398s] INFO:colcon.colcon_core.shell:Creating package script '/home/ubuntu/rat-roulette/ros2_ws/install/rat_roulette_pkg/share/rat_roulette_pkg/package.sh'
[8.402s] INFO:colcon.colcon_core.shell:Creating package script '/home/ubuntu/rat-roulette/ros2_ws/install/rat_roulette_pkg/share/rat_roulette_pkg/package.bash'
[8.407s] INFO:colcon.colcon_core.shell:Creating package script '/home/ubuntu/rat-roulette/ros2_ws/install/rat_roulette_pkg/share/rat_roulette_pkg/package.zsh'
[8.411s] Level 1:colcon.colcon_core.environment:create_file_with_runtime_dependencies(/home/ubuntu/rat-roulette/ros2_ws/install/rat_roulette_pkg/share/colcon-core/packages/rat_roulette_pkg)
[8.413s] DEBUG:colcon.colcon_parallel_executor.executor.parallel:closing loop
[8.415s] DEBUG:colcon.colcon_parallel_executor.executor.parallel:loop closed
[8.415s] DEBUG:colcon.colcon_parallel_executor.executor.parallel:run_until_complete finished with '0'
[8.416s] DEBUG:colcon.colcon_core.event_reactor:joining thread
[8.448s] INFO:colcon.colcon_core.plugin_system:Skipping extension 'colcon_notification.desktop_notification.notify_send': Could not find 'notify-send'
[8.449s] INFO:colcon.colcon_core.plugin_system:Skipping extension 'colcon_notification.desktop_notification.terminal_notifier': Not used on non-Darwin systems
[8.449s] INFO:colcon.colcon_core.plugin_system:Skipping extension 'colcon_notification.desktop_notification.win32': Not used on non-Windows systems
[8.449s] INFO:colcon.colcon_notification.desktop_notification:Sending desktop notification using 'notify2'
[8.453s] DEBUG:colcon.colcon_notification.desktop_notification.notify2:Failed to initialize notify2: org.freedesktop.DBus.Error.ServiceUnknown: The name org.freedesktop.Notifications was not provided by any .service files
[8.453s] DEBUG:colcon.colcon_core.event_reactor:joined thread
[8.459s] INFO:colcon.colcon_core.shell:Creating prefix script '/home/ubuntu/rat-roulette/ros2_ws/install/local_setup.ps1'
[8.467s] INFO:colcon.colcon_core.shell:Creating prefix util module '/home/ubuntu/rat-roulette/ros2_ws/install/_local_setup_util_ps1.py'
[8.474s] INFO:colcon.colcon_core.shell:Creating prefix chain script '/home/ubuntu/rat-roulette/ros2_ws/install/setup.ps1'
[8.481s] INFO:colcon.colcon_core.shell:Creating prefix script '/home/ubuntu/rat-roulette/ros2_ws/install/local_setup.sh'
[8.485s] INFO:colcon.colcon_core.shell:Creating prefix util module '/home/ubuntu/rat-roulette/ros2_ws/install/_local_setup_util_sh.py'
[8.487s] INFO:colcon.colcon_core.shell:Creating prefix chain script '/home/ubuntu/rat-roulette/ros2_ws/install/setup.sh'
[8.494s] INFO:colcon.colcon_core.shell:Creating prefix script '/home/ubuntu/rat-roulette/ros2_ws/install/local_setup.bash'
[8.497s] INFO:colcon.colcon_core.shell:Creating prefix chain script '/home/ubuntu/rat-roulette/ros2_ws/install/setup.bash'
[8.504s] INFO:colcon.colcon_core.shell:Creating prefix script '/home/ubuntu/rat-roulette/ros2_ws/install/local_setup.zsh'
[8.508s] INFO:colcon.colcon_core.shell:Creating prefix chain script '/home/ubuntu/rat-roulette/ros2_ws/install/setup.zsh'
